2025-11-13 11:48:48,143 INFO  o.h.validator.internal.util.Version [background-preinit] - HV000001: Hibernate Validator 8.0.3.Final
2025-11-13 11:48:48,184 INFO  a.e.u.f.m.MsDepositosApplication [main] - Starting MsDepositosApplication using Java 21.0.3 with PID 11704 (C:\Users\54266\Desktop\prueba\backend-tpi-grupo7\ms-depositos\target\classes started by Luz  Melanie Tito in C:\Users\54266\Desktop\prueba\backend-tpi-grupo7\ms-depositos)
2025-11-13 11:48:48,185 DEBUG a.e.u.f.m.MsDepositosApplication [main] - Running with Spring Boot v3.5.7, Spring v6.2.12
2025-11-13 11:48:48,185 INFO  a.e.u.f.m.MsDepositosApplication [main] - No active profile set, falling back to 1 default profile: "default"
2025-11-13 11:48:48,897 INFO  o.s.d.r.c.RepositoryConfigurationDelegate [main] - Bootstrapping Spring Data JPA repositories in DEFAULT mode.
2025-11-13 11:48:48,937 INFO  o.s.d.r.c.RepositoryConfigurationDelegate [main] - Finished Spring Data repository scanning in 33 ms. Found 1 JPA repository interface.
2025-11-13 11:48:49,239 INFO  o.s.b.w.e.tomcat.TomcatWebServer [main] - Tomcat initialized with port 8083 (http)
2025-11-13 11:48:49,248 INFO  o.a.coyote.http11.Http11NioProtocol [main] - Initializing ProtocolHandler ["http-nio-8083"]
2025-11-13 11:48:49,250 INFO  o.a.catalina.core.StandardService [main] - Starting service [Tomcat]
2025-11-13 11:48:49,250 INFO  o.a.catalina.core.StandardEngine [main] - Starting Servlet engine: [Apache Tomcat/10.1.48]
2025-11-13 11:48:49,300 INFO  o.a.c.c.C.[Tomcat].[localhost].[/] [main] - Initializing Spring embedded WebApplicationContext
2025-11-13 11:48:49,300 INFO  o.s.b.w.s.c.ServletWebServerApplicationContext [main] - Root WebApplicationContext: initialization completed in 1082 ms
2025-11-13 11:48:49,491 INFO  o.h.jpa.internal.util.LogHelper [main] - HHH000204: Processing PersistenceUnitInfo [name: default]
2025-11-13 11:48:49,522 INFO  org.hibernate.Version [main] - HHH000412: Hibernate ORM core version 6.6.33.Final
2025-11-13 11:48:49,555 INFO  o.h.c.i.RegionFactoryInitiator [main] - HHH000026: Second-level cache disabled
2025-11-13 11:48:49,728 INFO  o.s.o.j.p.SpringPersistenceUnitInfo [main] - No LoadTimeWeaver setup: ignoring JPA class transformer
2025-11-13 11:48:49,748 INFO  com.zaxxer.hikari.HikariDataSource [main] - HikariPool-1 - Starting...
2025-11-13 11:48:49,879 INFO  com.zaxxer.hikari.pool.HikariPool [main] - HikariPool-1 - Added connection org.postgresql.jdbc.PgConnection@79273a4f
2025-11-13 11:48:49,880 INFO  com.zaxxer.hikari.HikariDataSource [main] - HikariPool-1 - Start completed.
2025-11-13 11:48:49,908 WARN  org.hibernate.orm.deprecation [main] - HHH90000025: PostgreSQLDialect does not need to be specified explicitly using 'hibernate.dialect' (remove the property setting and it will be selected by default)
2025-11-13 11:48:49,921 INFO  o.hibernate.orm.connections.pooling [main] - HHH10001005: Database info:
	Database JDBC URL [Connecting through datasource 'HikariDataSource (HikariPool-1)']
	Database driver: undefined/unknown
	Database version: 18.0
	Autocommit mode: undefined/unknown
	Isolation level: undefined/unknown
	Minimum pool size: undefined/unknown
	Maximum pool size: undefined/unknown
2025-11-13 11:48:50,463 INFO  o.h.e.t.j.p.i.JtaPlatformInitiator [main] - HHH000489: No JTA platform available (set 'hibernate.transaction.jta.platform' to enable JTA platform integration)
2025-11-13 11:48:50,465 INFO  o.s.o.j.LocalContainerEntityManagerFactoryBean [main] - Initialized JPA EntityManagerFactory for persistence unit 'default'
2025-11-13 11:48:50,674 WARN  o.s.b.a.o.j.JpaBaseConfiguration$JpaWebConfiguration [main] - spring.jpa.open-in-view is enabled by default. Therefore, database queries may be performed during view rendering. Explicitly configure spring.jpa.open-in-view to disable this warning
2025-11-13 11:48:50,997 INFO  o.s.b.a.e.web.EndpointLinksResolver [main] - Exposing 2 endpoints beneath base path '/actuator'
2025-11-13 11:48:51,035 INFO  o.a.coyote.http11.Http11NioProtocol [main] - Starting ProtocolHandler ["http-nio-8083"]
2025-11-13 11:48:51,049 INFO  o.s.b.w.e.tomcat.TomcatWebServer [main] - Tomcat started on port 8083 (http) with context path '/'
2025-11-13 11:48:51,061 INFO  a.e.u.f.m.MsDepositosApplication [main] - Started MsDepositosApplication in 3.287 seconds (process running for 3.52)
2025-11-13 11:48:56,071 INFO  a.e.u.frc.msdepositos.timer.LogJobs [scheduling-1] - Depositos heartbeat [2025-11-13T11:48:56.071157200]
2025-11-13 11:49:00,063 INFO  o.a.c.c.C.[Tomcat].[localhost].[/] [http-nio-8083-exec-1] - Initializing Spring DispatcherServlet 'dispatcherServlet'
2025-11-13 11:49:00,064 INFO  o.s.web.servlet.DispatcherServlet [http-nio-8083-exec-1] - Initializing Servlet 'dispatcherServlet'
2025-11-13 11:49:00,066 INFO  o.s.web.servlet.DispatcherServlet [http-nio-8083-exec-1] - Completed initialization in 1 ms
2025-11-13 11:49:00,133 INFO  a.e.u.f.m.c.LogDemoController [http-nio-8083-exec-1] - Log INFO desde ms-depositos
2025-11-13 11:49:06,081 INFO  a.e.u.frc.msdepositos.timer.LogJobs [scheduling-1] - Depositos heartbeat [2025-11-13T11:49:06.081223100]
2025-11-13 11:49:08,315 WARN  a.e.u.f.m.c.LogDemoController [http-nio-8083-exec-3] - Log WARN desde ms-depositos
2025-11-13 11:49:15,763 ERROR a.e.u.f.m.c.LogDemoController [http-nio-8083-exec-4] - Log ERROR desde ms-depositos
2025-11-13 11:49:16,091 INFO  a.e.u.frc.msdepositos.timer.LogJobs [scheduling-1] - Depositos heartbeat [2025-11-13T11:49:16.091923200]
2025-11-13 11:49:26,092 INFO  a.e.u.frc.msdepositos.timer.LogJobs [scheduling-1] - Depositos heartbeat [2025-11-13T11:49:26.092730300]
2025-11-13 11:49:26,891 INFO  o.s.b.w.e.tomcat.GracefulShutdown [SpringApplicationShutdownHook] - Commencing graceful shutdown. Waiting for active requests to complete
2025-11-13 11:49:26,897 INFO  o.s.b.w.e.tomcat.GracefulShutdown [tomcat-shutdown] - Graceful shutdown complete
2025-11-13 11:49:26,901 INFO  o.s.o.j.LocalContainerEntityManagerFactoryBean [SpringApplicationShutdownHook] - Closing JPA EntityManagerFactory for persistence unit 'default'
2025-11-13 11:49:26,902 INFO  com.zaxxer.hikari.HikariDataSource [SpringApplicationShutdownHook] - HikariPool-1 - Shutdown initiated...
2025-11-13 11:49:26,905 INFO  com.zaxxer.hikari.HikariDataSource [SpringApplicationShutdownHook] - HikariPool-1 - Shutdown completed.
2025-11-13 11:51:00,221 INFO  o.h.validator.internal.util.Version [background-preinit] - HV000001: Hibernate Validator 8.0.3.Final
2025-11-13 11:51:00,269 INFO  a.e.u.f.m.MsDepositosApplication [main] - Starting MsDepositosApplication using Java 21.0.3 with PID 30724 (C:\Users\54266\Desktop\prueba\backend-tpi-grupo7\ms-depositos\target\classes started by Luz  Melanie Tito in C:\Users\54266\Desktop\prueba\backend-tpi-grupo7\ms-depositos)
2025-11-13 11:51:00,270 DEBUG a.e.u.f.m.MsDepositosApplication [main] - Running with Spring Boot v3.5.7, Spring v6.2.12
2025-11-13 11:51:00,270 INFO  a.e.u.f.m.MsDepositosApplication [main] - No active profile set, falling back to 1 default profile: "default"
2025-11-13 11:51:01,054 INFO  o.s.d.r.c.RepositoryConfigurationDelegate [main] - Bootstrapping Spring Data JPA repositories in DEFAULT mode.
2025-11-13 11:51:01,101 INFO  o.s.d.r.c.RepositoryConfigurationDelegate [main] - Finished Spring Data repository scanning in 37 ms. Found 1 JPA repository interface.
2025-11-13 11:51:01,478 INFO  o.s.b.w.e.tomcat.TomcatWebServer [main] - Tomcat initialized with port 8083 (http)
2025-11-13 11:51:01,489 INFO  o.a.coyote.http11.Http11NioProtocol [main] - Initializing ProtocolHandler ["http-nio-8083"]
2025-11-13 11:51:01,491 INFO  o.a.catalina.core.StandardService [main] - Starting service [Tomcat]
2025-11-13 11:51:01,491 INFO  o.a.catalina.core.StandardEngine [main] - Starting Servlet engine: [Apache Tomcat/10.1.48]
2025-11-13 11:51:01,541 INFO  o.a.c.c.C.[Tomcat].[localhost].[/] [main] - Initializing Spring embedded WebApplicationContext
2025-11-13 11:51:01,541 INFO  o.s.b.w.s.c.ServletWebServerApplicationContext [main] - Root WebApplicationContext: initialization completed in 1234 ms
2025-11-13 11:51:01,727 INFO  o.h.jpa.internal.util.LogHelper [main] - HHH000204: Processing PersistenceUnitInfo [name: default]
2025-11-13 11:51:01,777 INFO  org.hibernate.Version [main] - HHH000412: Hibernate ORM core version 6.6.33.Final
2025-11-13 11:51:01,808 INFO  o.h.c.i.RegionFactoryInitiator [main] - HHH000026: Second-level cache disabled
2025-11-13 11:51:01,999 INFO  o.s.o.j.p.SpringPersistenceUnitInfo [main] - No LoadTimeWeaver setup: ignoring JPA class transformer
2025-11-13 11:51:02,018 INFO  com.zaxxer.hikari.HikariDataSource [main] - HikariPool-1 - Starting...
2025-11-13 11:51:02,146 INFO  com.zaxxer.hikari.pool.HikariPool [main] - HikariPool-1 - Added connection org.postgresql.jdbc.PgConnection@2cd5b19c
2025-11-13 11:51:02,148 INFO  com.zaxxer.hikari.HikariDataSource [main] - HikariPool-1 - Start completed.
2025-11-13 11:51:02,179 WARN  org.hibernate.orm.deprecation [main] - HHH90000025: PostgreSQLDialect does not need to be specified explicitly using 'hibernate.dialect' (remove the property setting and it will be selected by default)
2025-11-13 11:51:02,193 INFO  o.hibernate.orm.connections.pooling [main] - HHH10001005: Database info:
	Database JDBC URL [Connecting through datasource 'HikariDataSource (HikariPool-1)']
	Database driver: undefined/unknown
	Database version: 18.0
	Autocommit mode: undefined/unknown
	Isolation level: undefined/unknown
	Minimum pool size: undefined/unknown
	Maximum pool size: undefined/unknown
2025-11-13 11:51:02,783 INFO  o.h.e.t.j.p.i.JtaPlatformInitiator [main] - HHH000489: No JTA platform available (set 'hibernate.transaction.jta.platform' to enable JTA platform integration)
2025-11-13 11:51:02,787 INFO  o.s.o.j.LocalContainerEntityManagerFactoryBean [main] - Initialized JPA EntityManagerFactory for persistence unit 'default'
2025-11-13 11:51:02,996 WARN  o.s.b.a.o.j.JpaBaseConfiguration$JpaWebConfiguration [main] - spring.jpa.open-in-view is enabled by default. Therefore, database queries may be performed during view rendering. Explicitly configure spring.jpa.open-in-view to disable this warning
2025-11-13 11:51:03,337 INFO  o.s.b.a.e.web.EndpointLinksResolver [main] - Exposing 2 endpoints beneath base path '/actuator'
2025-11-13 11:51:03,382 INFO  o.a.coyote.http11.Http11NioProtocol [main] - Starting ProtocolHandler ["http-nio-8083"]
2025-11-13 11:51:03,396 INFO  o.s.b.w.e.tomcat.TomcatWebServer [main] - Tomcat started on port 8083 (http) with context path '/'
2025-11-13 11:51:03,406 INFO  a.e.u.f.m.MsDepositosApplication [main] - Started MsDepositosApplication in 3.684 seconds (process running for 3.986)
2025-11-13 11:51:08,413 INFO  a.e.u.frc.msdepositos.timer.LogJobs [scheduling-1] - Depositos heartbeat [2025-11-13T11:51:08.413032300]
2025-11-13 11:51:14,562 INFO  o.a.c.c.C.[Tomcat].[localhost].[/] [http-nio-8083-exec-1] - Initializing Spring DispatcherServlet 'dispatcherServlet'
2025-11-13 11:51:14,563 INFO  o.s.web.servlet.DispatcherServlet [http-nio-8083-exec-1] - Initializing Servlet 'dispatcherServlet'
2025-11-13 11:51:14,564 INFO  o.s.web.servlet.DispatcherServlet [http-nio-8083-exec-1] - Completed initialization in 1 ms
2025-11-13 11:51:14,614 INFO  a.e.u.f.m.c.LogDemoController [http-nio-8083-exec-1] - Log INFO desde ms-depositos
2025-11-13 11:51:18,425 INFO  a.e.u.frc.msdepositos.timer.LogJobs [scheduling-1] - Depositos heartbeat [2025-11-13T11:51:18.425892500]
2025-11-13 11:51:20,889 WARN  a.e.u.f.m.c.LogDemoController [http-nio-8083-exec-4] - Log WARN desde ms-depositos
2025-11-13 11:51:28,269 ERROR a.e.u.f.m.c.LogDemoController [http-nio-8083-exec-3] - Log ERROR desde ms-depositos
2025-11-13 11:51:28,430 INFO  a.e.u.frc.msdepositos.timer.LogJobs [scheduling-1] - Depositos heartbeat [2025-11-13T11:51:28.430553700]
2025-11-13 11:51:34,356 INFO  o.s.b.w.e.tomcat.GracefulShutdown [SpringApplicationShutdownHook] - Commencing graceful shutdown. Waiting for active requests to complete
2025-11-13 11:51:34,362 INFO  o.s.b.w.e.tomcat.GracefulShutdown [tomcat-shutdown] - Graceful shutdown complete
2025-11-13 11:51:34,366 INFO  o.s.o.j.LocalContainerEntityManagerFactoryBean [SpringApplicationShutdownHook] - Closing JPA EntityManagerFactory for persistence unit 'default'
2025-11-13 11:51:34,368 INFO  com.zaxxer.hikari.HikariDataSource [SpringApplicationShutdownHook] - HikariPool-1 - Shutdown initiated...
2025-11-13 11:51:34,371 INFO  com.zaxxer.hikari.HikariDataSource [SpringApplicationShutdownHook] - HikariPool-1 - Shutdown completed.
2025-11-13 16:05:15,689 INFO  o.h.validator.internal.util.Version [background-preinit] - HV000001: Hibernate Validator 8.0.3.Final
2025-11-13 16:05:15,754 INFO  a.e.u.f.m.MsDepositosApplication [main] - Starting MsDepositosApplication using Java 21.0.3 with PID 35220 (C:\Users\54266\Desktop\prueba\backend-tpi-grupo7\ms-depositos\target\classes started by Luz  Melanie Tito in C:\Users\54266\Desktop\prueba\backend-tpi-grupo7\ms-depositos)
2025-11-13 16:05:15,755 DEBUG a.e.u.f.m.MsDepositosApplication [main] - Running with Spring Boot v3.5.7, Spring v6.2.12
2025-11-13 16:05:15,756 INFO  a.e.u.f.m.MsDepositosApplication [main] - No active profile set, falling back to 1 default profile: "default"
2025-11-13 16:05:16,784 INFO  o.s.d.r.c.RepositoryConfigurationDelegate [main] - Bootstrapping Spring Data JPA repositories in DEFAULT mode.
2025-11-13 16:05:16,840 INFO  o.s.d.r.c.RepositoryConfigurationDelegate [main] - Finished Spring Data repository scanning in 46 ms. Found 1 JPA repository interface.
2025-11-13 16:05:17,246 INFO  o.s.b.w.e.tomcat.TomcatWebServer [main] - Tomcat initialized with port 8083 (http)
2025-11-13 16:05:17,257 INFO  o.a.coyote.http11.Http11NioProtocol [main] - Initializing ProtocolHandler ["http-nio-8083"]
2025-11-13 16:05:17,260 INFO  o.a.catalina.core.StandardService [main] - Starting service [Tomcat]
2025-11-13 16:05:17,260 INFO  o.a.catalina.core.StandardEngine [main] - Starting Servlet engine: [Apache Tomcat/10.1.48]
2025-11-13 16:05:17,323 INFO  o.a.c.c.C.[Tomcat].[localhost].[/] [main] - Initializing Spring embedded WebApplicationContext
2025-11-13 16:05:17,323 INFO  o.s.b.w.s.c.ServletWebServerApplicationContext [main] - Root WebApplicationContext: initialization completed in 1508 ms
2025-11-13 16:05:17,540 INFO  o.h.jpa.internal.util.LogHelper [main] - HHH000204: Processing PersistenceUnitInfo [name: default]
2025-11-13 16:05:17,600 INFO  org.hibernate.Version [main] - HHH000412: Hibernate ORM core version 6.6.33.Final
2025-11-13 16:05:17,628 INFO  o.h.c.i.RegionFactoryInitiator [main] - HHH000026: Second-level cache disabled
2025-11-13 16:05:17,854 INFO  o.s.o.j.p.SpringPersistenceUnitInfo [main] - No LoadTimeWeaver setup: ignoring JPA class transformer
2025-11-13 16:05:17,879 INFO  com.zaxxer.hikari.HikariDataSource [main] - HikariPool-1 - Starting...
2025-11-13 16:05:18,056 INFO  com.zaxxer.hikari.pool.HikariPool [main] - HikariPool-1 - Added connection org.postgresql.jdbc.PgConnection@2cd5b19c
2025-11-13 16:05:18,060 INFO  com.zaxxer.hikari.HikariDataSource [main] - HikariPool-1 - Start completed.
2025-11-13 16:05:18,092 WARN  org.hibernate.orm.deprecation [main] - HHH90000025: PostgreSQLDialect does not need to be specified explicitly using 'hibernate.dialect' (remove the property setting and it will be selected by default)
2025-11-13 16:05:18,112 INFO  o.hibernate.orm.connections.pooling [main] - HHH10001005: Database info:
	Database JDBC URL [Connecting through datasource 'HikariDataSource (HikariPool-1)']
	Database driver: undefined/unknown
	Database version: 18.0
	Autocommit mode: undefined/unknown
	Isolation level: undefined/unknown
	Minimum pool size: undefined/unknown
	Maximum pool size: undefined/unknown
2025-11-13 16:05:18,877 INFO  o.h.e.t.j.p.i.JtaPlatformInitiator [main] - HHH000489: No JTA platform available (set 'hibernate.transaction.jta.platform' to enable JTA platform integration)
2025-11-13 16:05:18,882 INFO  o.s.o.j.LocalContainerEntityManagerFactoryBean [main] - Initialized JPA EntityManagerFactory for persistence unit 'default'
2025-11-13 16:05:19,176 WARN  o.s.b.a.o.j.JpaBaseConfiguration$JpaWebConfiguration [main] - spring.jpa.open-in-view is enabled by default. Therefore, database queries may be performed during view rendering. Explicitly configure spring.jpa.open-in-view to disable this warning
2025-11-13 16:05:19,609 INFO  o.s.b.a.e.web.EndpointLinksResolver [main] - Exposing 2 endpoints beneath base path '/actuator'
2025-11-13 16:05:19,665 INFO  o.a.coyote.http11.Http11NioProtocol [main] - Starting ProtocolHandler ["http-nio-8083"]
2025-11-13 16:05:19,683 INFO  o.s.b.w.e.tomcat.TomcatWebServer [main] - Tomcat started on port 8083 (http) with context path '/'
2025-11-13 16:05:19,698 INFO  a.e.u.f.m.MsDepositosApplication [main] - Started MsDepositosApplication in 4.6 seconds (process running for 4.98)
2025-11-13 16:05:24,718 INFO  a.e.u.frc.msdepositos.timer.LogJobs [scheduling-1] - Depositos heartbeat [2025-11-13T16:05:24.718885200]
2025-11-13 16:05:25,500 INFO  o.a.c.c.C.[Tomcat].[localhost].[/] [http-nio-8083-exec-1] - Initializing Spring DispatcherServlet 'dispatcherServlet'
2025-11-13 16:05:25,500 INFO  o.s.web.servlet.DispatcherServlet [http-nio-8083-exec-1] - Initializing Servlet 'dispatcherServlet'
2025-11-13 16:05:25,505 INFO  o.s.web.servlet.DispatcherServlet [http-nio-8083-exec-1] - Completed initialization in 4 ms
2025-11-13 16:05:32,133 INFO  a.e.u.f.m.c.LogDemoController [http-nio-8083-exec-2] - Log INFO desde ms-depositos
2025-11-13 16:05:34,735 INFO  a.e.u.frc.msdepositos.timer.LogJobs [scheduling-1] - Depositos heartbeat [2025-11-13T16:05:34.735378600]
2025-11-13 16:05:44,742 INFO  a.e.u.frc.msdepositos.timer.LogJobs [scheduling-1] - Depositos heartbeat [2025-11-13T16:05:44.742260800]
2025-11-13 16:05:54,746 INFO  a.e.u.frc.msdepositos.timer.LogJobs [scheduling-1] - Depositos heartbeat [2025-11-13T16:05:54.746163200]
2025-11-13 16:06:02,160 WARN  a.e.u.f.m.c.LogDemoController [http-nio-8083-exec-7] - Log WARN desde ms-depositos
2025-11-13 16:06:04,757 INFO  a.e.u.frc.msdepositos.timer.LogJobs [scheduling-1] - Depositos heartbeat [2025-11-13T16:06:04.757720500]
2025-11-13 16:06:14,765 INFO  a.e.u.frc.msdepositos.timer.LogJobs [scheduling-1] - Depositos heartbeat [2025-11-13T16:06:14.765939100]
2025-11-13 16:06:24,772 INFO  a.e.u.frc.msdepositos.timer.LogJobs [scheduling-1] - Depositos heartbeat [2025-11-13T16:06:24.770970500]
2025-11-13 16:06:26,955 ERROR a.e.u.f.m.c.LogDemoController [http-nio-8083-exec-5] - Log ERROR desde ms-depositos
2025-11-13 16:06:34,784 INFO  a.e.u.frc.msdepositos.timer.LogJobs [scheduling-1] - Depositos heartbeat [2025-11-13T16:06:34.784284800]
2025-11-13 16:06:43,289 INFO  o.s.b.w.e.tomcat.GracefulShutdown [SpringApplicationShutdownHook] - Commencing graceful shutdown. Waiting for active requests to complete
2025-11-13 16:06:43,310 INFO  o.s.b.w.e.tomcat.GracefulShutdown [tomcat-shutdown] - Graceful shutdown complete
2025-11-13 16:06:43,315 INFO  o.s.o.j.LocalContainerEntityManagerFactoryBean [SpringApplicationShutdownHook] - Closing JPA EntityManagerFactory for persistence unit 'default'
2025-11-13 16:06:43,317 INFO  com.zaxxer.hikari.HikariDataSource [SpringApplicationShutdownHook] - HikariPool-1 - Shutdown initiated...
2025-11-13 16:06:43,322 INFO  com.zaxxer.hikari.HikariDataSource [SpringApplicationShutdownHook] - HikariPool-1 - Shutdown completed.
2025-11-13 16:34:30,480 INFO  o.h.validator.internal.util.Version [background-preinit] - HV000001: Hibernate Validator 8.0.3.Final
2025-11-13 16:34:30,537 INFO  a.e.u.f.m.MsDepositosApplication [main] - Starting MsDepositosApplication using Java 21.0.3 with PID 21068 (C:\Users\54266\Desktop\prueba\backend-tpi-grupo7\ms-depositos\target\classes started by Luz  Melanie Tito in C:\Users\54266\Desktop\prueba\backend-tpi-grupo7\ms-depositos)
2025-11-13 16:34:30,537 DEBUG a.e.u.f.m.MsDepositosApplication [main] - Running with Spring Boot v3.5.7, Spring v6.2.12
2025-11-13 16:34:30,539 INFO  a.e.u.f.m.MsDepositosApplication [main] - No active profile set, falling back to 1 default profile: "default"
2025-11-13 16:34:31,548 INFO  o.s.d.r.c.RepositoryConfigurationDelegate [main] - Bootstrapping Spring Data JPA repositories in DEFAULT mode.
2025-11-13 16:34:31,604 INFO  o.s.d.r.c.RepositoryConfigurationDelegate [main] - Finished Spring Data repository scanning in 47 ms. Found 1 JPA repository interface.
2025-11-13 16:34:31,998 INFO  o.s.b.w.e.tomcat.TomcatWebServer [main] - Tomcat initialized with port 8083 (http)
2025-11-13 16:34:32,010 INFO  o.a.coyote.http11.Http11NioProtocol [main] - Initializing ProtocolHandler ["http-nio-8083"]
2025-11-13 16:34:32,012 INFO  o.a.catalina.core.StandardService [main] - Starting service [Tomcat]
2025-11-13 16:34:32,014 INFO  o.a.catalina.core.StandardEngine [main] - Starting Servlet engine: [Apache Tomcat/10.1.48]
2025-11-13 16:34:32,076 INFO  o.a.c.c.C.[Tomcat].[localhost].[/] [main] - Initializing Spring embedded WebApplicationContext
2025-11-13 16:34:32,077 INFO  o.s.b.w.s.c.ServletWebServerApplicationContext [main] - Root WebApplicationContext: initialization completed in 1485 ms
2025-11-13 16:34:32,289 INFO  o.h.jpa.internal.util.LogHelper [main] - HHH000204: Processing PersistenceUnitInfo [name: default]
2025-11-13 16:34:32,332 INFO  org.hibernate.Version [main] - HHH000412: Hibernate ORM core version 6.6.33.Final
2025-11-13 16:34:32,379 INFO  o.h.c.i.RegionFactoryInitiator [main] - HHH000026: Second-level cache disabled
2025-11-13 16:34:32,613 INFO  o.s.o.j.p.SpringPersistenceUnitInfo [main] - No LoadTimeWeaver setup: ignoring JPA class transformer
2025-11-13 16:34:32,639 INFO  com.zaxxer.hikari.HikariDataSource [main] - HikariPool-1 - Starting...
2025-11-13 16:34:32,791 INFO  com.zaxxer.hikari.pool.HikariPool [main] - HikariPool-1 - Added connection org.postgresql.jdbc.PgConnection@286dfa20
2025-11-13 16:34:32,793 INFO  com.zaxxer.hikari.HikariDataSource [main] - HikariPool-1 - Start completed.
2025-11-13 16:34:32,824 WARN  org.hibernate.orm.deprecation [main] - HHH90000025: PostgreSQLDialect does not need to be specified explicitly using 'hibernate.dialect' (remove the property setting and it will be selected by default)
2025-11-13 16:34:32,841 INFO  o.hibernate.orm.connections.pooling [main] - HHH10001005: Database info:
	Database JDBC URL [Connecting through datasource 'HikariDataSource (HikariPool-1)']
	Database driver: undefined/unknown
	Database version: 18.0
	Autocommit mode: undefined/unknown
	Isolation level: undefined/unknown
	Minimum pool size: undefined/unknown
	Maximum pool size: undefined/unknown
2025-11-13 16:34:33,593 INFO  o.h.e.t.j.p.i.JtaPlatformInitiator [main] - HHH000489: No JTA platform available (set 'hibernate.transaction.jta.platform' to enable JTA platform integration)
2025-11-13 16:34:33,596 INFO  o.s.o.j.LocalContainerEntityManagerFactoryBean [main] - Initialized JPA EntityManagerFactory for persistence unit 'default'
2025-11-13 16:34:34,193 WARN  o.s.b.a.o.j.JpaBaseConfiguration$JpaWebConfiguration [main] - spring.jpa.open-in-view is enabled by default. Therefore, database queries may be performed during view rendering. Explicitly configure spring.jpa.open-in-view to disable this warning
2025-11-13 16:34:34,775 INFO  o.s.b.a.e.web.EndpointLinksResolver [main] - Exposing 2 endpoints beneath base path '/actuator'
2025-11-13 16:34:34,822 INFO  o.a.coyote.http11.Http11NioProtocol [main] - Starting ProtocolHandler ["http-nio-8083"]
2025-11-13 16:34:34,839 INFO  o.s.b.w.e.tomcat.TomcatWebServer [main] - Tomcat started on port 8083 (http) with context path '/'
2025-11-13 16:34:34,851 INFO  a.e.u.f.m.MsDepositosApplication [main] - Started MsDepositosApplication in 4.983 seconds (process running for 5.318)
2025-11-13 16:34:37,670 INFO  o.a.c.c.C.[Tomcat].[localhost].[/] [http-nio-8083-exec-1] - Initializing Spring DispatcherServlet 'dispatcherServlet'
2025-11-13 16:34:37,671 INFO  o.s.web.servlet.DispatcherServlet [http-nio-8083-exec-1] - Initializing Servlet 'dispatcherServlet'
2025-11-13 16:34:37,675 INFO  o.s.web.servlet.DispatcherServlet [http-nio-8083-exec-1] - Completed initialization in 2 ms
2025-11-13 16:34:37,829 INFO  a.e.u.f.m.c.LogDemoController [http-nio-8083-exec-1] - Log INFO desde ms-depositos: hola
2025-11-13 16:34:39,868 INFO  a.e.u.frc.msdepositos.timer.LogJobs [scheduling-1] - Depositos heartbeat [2025-11-13T16:34:39.868319300]
2025-11-13 16:34:47,728 WARN  a.e.u.f.m.c.LogDemoController [http-nio-8083-exec-2] - Log WARN desde ms-depositos: hola
2025-11-13 16:34:49,879 INFO  a.e.u.frc.msdepositos.timer.LogJobs [scheduling-1] - Depositos heartbeat [2025-11-13T16:34:49.879557]
2025-11-13 16:34:54,971 ERROR a.e.u.f.m.c.LogDemoController [http-nio-8083-exec-4] - Log ERROR desde ms-depositos: hola
2025-11-13 16:34:59,888 INFO  a.e.u.frc.msdepositos.timer.LogJobs [scheduling-1] - Depositos heartbeat [2025-11-13T16:34:59.888755100]
2025-11-13 16:35:01,668 INFO  o.s.b.w.e.tomcat.GracefulShutdown [SpringApplicationShutdownHook] - Commencing graceful shutdown. Waiting for active requests to complete
2025-11-13 16:35:01,685 INFO  o.s.b.w.e.tomcat.GracefulShutdown [tomcat-shutdown] - Graceful shutdown complete
2025-11-13 16:35:01,691 INFO  o.s.o.j.LocalContainerEntityManagerFactoryBean [SpringApplicationShutdownHook] - Closing JPA EntityManagerFactory for persistence unit 'default'
2025-11-13 16:35:01,694 INFO  com.zaxxer.hikari.HikariDataSource [SpringApplicationShutdownHook] - HikariPool-1 - Shutdown initiated...
2025-11-13 16:35:01,698 INFO  com.zaxxer.hikari.HikariDataSource [SpringApplicationShutdownHook] - HikariPool-1 - Shutdown completed.
