2025-11-10 15:26:16,675 INFO  o.h.validator.internal.util.Version [background-preinit] - HV000001: Hibernate Validator 8.0.1.Final
2025-11-10 15:26:16,713 INFO  a.e.u.f.a.ApiGatewayApplication [main] - Starting ApiGatewayApplication using Java 21.0.3 with PID 33760 (C:\Users\54266\Desktop\prueba\backend-tpi-grupo7\api-gateway\target\classes started by Luz  Melanie Tito in C:\Users\54266\Desktop\prueba\backend-tpi-grupo7\api-gateway)
2025-11-10 15:26:16,714 DEBUG a.e.u.f.a.ApiGatewayApplication [main] - Running with Spring Boot v3.4.0, Spring v6.2.0
2025-11-10 15:26:16,714 INFO  a.e.u.f.a.ApiGatewayApplication [main] - No active profile set, falling back to 1 default profile: "default"
2025-11-10 15:26:17,324 INFO  o.s.cloud.context.scope.GenericScope [main] - BeanFactory id=d530977e-a50c-3ad5-b5fa-ea1ecf07e70e
2025-11-10 15:26:17,847 INFO  o.s.c.g.r.RouteDefinitionRouteLocator [main] - Loaded RoutePredicateFactory [After]
2025-11-10 15:26:17,848 INFO  o.s.c.g.r.RouteDefinitionRouteLocator [main] - Loaded RoutePredicateFactory [Before]
2025-11-10 15:26:17,848 INFO  o.s.c.g.r.RouteDefinitionRouteLocator [main] - Loaded RoutePredicateFactory [Between]
2025-11-10 15:26:17,848 INFO  o.s.c.g.r.RouteDefinitionRouteLocator [main] - Loaded RoutePredicateFactory [Cookie]
2025-11-10 15:26:17,848 INFO  o.s.c.g.r.RouteDefinitionRouteLocator [main] - Loaded RoutePredicateFactory [Header]
2025-11-10 15:26:17,848 INFO  o.s.c.g.r.RouteDefinitionRouteLocator [main] - Loaded RoutePredicateFactory [Host]
2025-11-10 15:26:17,849 INFO  o.s.c.g.r.RouteDefinitionRouteLocator [main] - Loaded RoutePredicateFactory [Method]
2025-11-10 15:26:17,849 INFO  o.s.c.g.r.RouteDefinitionRouteLocator [main] - Loaded RoutePredicateFactory [Path]
2025-11-10 15:26:17,849 INFO  o.s.c.g.r.RouteDefinitionRouteLocator [main] - Loaded RoutePredicateFactory [Query]
2025-11-10 15:26:17,849 INFO  o.s.c.g.r.RouteDefinitionRouteLocator [main] - Loaded RoutePredicateFactory [ReadBody]
2025-11-10 15:26:17,849 INFO  o.s.c.g.r.RouteDefinitionRouteLocator [main] - Loaded RoutePredicateFactory [RemoteAddr]
2025-11-10 15:26:17,849 INFO  o.s.c.g.r.RouteDefinitionRouteLocator [main] - Loaded RoutePredicateFactory [XForwardedRemoteAddr]
2025-11-10 15:26:17,849 INFO  o.s.c.g.r.RouteDefinitionRouteLocator [main] - Loaded RoutePredicateFactory [Weight]
2025-11-10 15:26:17,849 INFO  o.s.c.g.r.RouteDefinitionRouteLocator [main] - Loaded RoutePredicateFactory [CloudFoundryRouteService]
2025-11-10 15:26:18,076 INFO  o.s.b.a.e.web.EndpointLinksResolver [main] - Exposing 2 endpoints beneath base path '/actuator'
2025-11-10 15:26:18,361 INFO  o.s.b.w.e.netty.NettyWebServer [main] - Netty started on port 8080 (http)
2025-11-10 15:26:18,385 INFO  a.e.u.f.a.timer.GatewayLogJobs [scheduling-1] - Gateway heartbeat [2025-11-10T15:26:18.385842100]
2025-11-10 15:26:18,410 INFO  a.e.u.f.a.ApiGatewayApplication [main] - Started ApiGatewayApplication in 2.097 seconds (process running for 2.429)
2025-11-10 15:26:28,386 INFO  a.e.u.f.a.timer.GatewayLogJobs [scheduling-1] - Gateway heartbeat [2025-11-10T15:26:28.386562400]
2025-11-10 15:26:38,386 INFO  a.e.u.f.a.timer.GatewayLogJobs [scheduling-1] - Gateway heartbeat [2025-11-10T15:26:38.386353100]
2025-11-10 15:26:48,386 INFO  a.e.u.f.a.timer.GatewayLogJobs [scheduling-1] - Gateway heartbeat [2025-11-10T15:26:48.386324300]
2025-11-10 15:26:49,898 INFO  o.s.b.w.e.netty.GracefulShutdown [SpringApplicationShutdownHook] - Commencing graceful shutdown. Waiting for active requests to complete
2025-11-10 15:26:49,900 INFO  o.s.b.w.e.netty.GracefulShutdown [netty-shutdown] - Graceful shutdown complete
2025-11-10 15:29:58,399 INFO  o.h.validator.internal.util.Version [background-preinit] - HV000001: Hibernate Validator 8.0.1.Final
2025-11-10 15:29:58,436 INFO  a.e.u.f.a.ApiGatewayApplication [main] - Starting ApiGatewayApplication using Java 21.0.3 with PID 18252 (C:\Users\54266\Desktop\prueba\backend-tpi-grupo7\api-gateway\target\classes started by Luz  Melanie Tito in C:\Users\54266\Desktop\prueba\backend-tpi-grupo7\api-gateway)
2025-11-10 15:29:58,436 DEBUG a.e.u.f.a.ApiGatewayApplication [main] - Running with Spring Boot v3.4.0, Spring v6.2.0
2025-11-10 15:29:58,437 INFO  a.e.u.f.a.ApiGatewayApplication [main] - No active profile set, falling back to 1 default profile: "default"
2025-11-10 15:29:59,041 INFO  o.s.cloud.context.scope.GenericScope [main] - BeanFactory id=d530977e-a50c-3ad5-b5fa-ea1ecf07e70e
2025-11-10 15:29:59,530 INFO  o.s.c.g.r.RouteDefinitionRouteLocator [main] - Loaded RoutePredicateFactory [After]
2025-11-10 15:29:59,530 INFO  o.s.c.g.r.RouteDefinitionRouteLocator [main] - Loaded RoutePredicateFactory [Before]
2025-11-10 15:29:59,530 INFO  o.s.c.g.r.RouteDefinitionRouteLocator [main] - Loaded RoutePredicateFactory [Between]
2025-11-10 15:29:59,530 INFO  o.s.c.g.r.RouteDefinitionRouteLocator [main] - Loaded RoutePredicateFactory [Cookie]
2025-11-10 15:29:59,530 INFO  o.s.c.g.r.RouteDefinitionRouteLocator [main] - Loaded RoutePredicateFactory [Header]
2025-11-10 15:29:59,530 INFO  o.s.c.g.r.RouteDefinitionRouteLocator [main] - Loaded RoutePredicateFactory [Host]
2025-11-10 15:29:59,530 INFO  o.s.c.g.r.RouteDefinitionRouteLocator [main] - Loaded RoutePredicateFactory [Method]
2025-11-10 15:29:59,530 INFO  o.s.c.g.r.RouteDefinitionRouteLocator [main] - Loaded RoutePredicateFactory [Path]
2025-11-10 15:29:59,530 INFO  o.s.c.g.r.RouteDefinitionRouteLocator [main] - Loaded RoutePredicateFactory [Query]
2025-11-10 15:29:59,530 INFO  o.s.c.g.r.RouteDefinitionRouteLocator [main] - Loaded RoutePredicateFactory [ReadBody]
2025-11-10 15:29:59,530 INFO  o.s.c.g.r.RouteDefinitionRouteLocator [main] - Loaded RoutePredicateFactory [RemoteAddr]
2025-11-10 15:29:59,530 INFO  o.s.c.g.r.RouteDefinitionRouteLocator [main] - Loaded RoutePredicateFactory [XForwardedRemoteAddr]
2025-11-10 15:29:59,530 INFO  o.s.c.g.r.RouteDefinitionRouteLocator [main] - Loaded RoutePredicateFactory [Weight]
2025-11-10 15:29:59,530 INFO  o.s.c.g.r.RouteDefinitionRouteLocator [main] - Loaded RoutePredicateFactory [CloudFoundryRouteService]
2025-11-10 15:29:59,696 INFO  o.s.b.a.e.web.EndpointLinksResolver [main] - Exposing 2 endpoints beneath base path '/actuator'
2025-11-10 15:29:59,888 INFO  o.s.b.w.e.netty.NettyWebServer [main] - Netty started on port 8080 (http)
2025-11-10 15:29:59,912 INFO  a.e.u.f.a.timer.GatewayLogJobs [scheduling-1] - Gateway heartbeat [2025-11-10T15:29:59.912919300]
2025-11-10 15:29:59,942 INFO  a.e.u.f.a.ApiGatewayApplication [main] - Started ApiGatewayApplication in 1.846 seconds (process running for 2.158)
2025-11-10 15:30:09,913 INFO  a.e.u.f.a.timer.GatewayLogJobs [scheduling-1] - Gateway heartbeat [2025-11-10T15:30:09.913771600]
2025-11-10 15:30:19,915 INFO  a.e.u.f.a.timer.GatewayLogJobs [scheduling-1] - Gateway heartbeat [2025-11-10T15:30:19.915399100]
2025-11-10 15:30:29,918 INFO  a.e.u.f.a.timer.GatewayLogJobs [scheduling-1] - Gateway heartbeat [2025-11-10T15:30:29.918431200]
2025-11-10 15:30:39,909 INFO  a.e.u.f.a.timer.GatewayLogJobs [scheduling-1] - Gateway heartbeat [2025-11-10T15:30:39.909596]
2025-11-10 15:30:49,915 INFO  a.e.u.f.a.timer.GatewayLogJobs [scheduling-1] - Gateway heartbeat [2025-11-10T15:30:49.915619800]
2025-11-10 15:30:59,916 INFO  a.e.u.f.a.timer.GatewayLogJobs [scheduling-1] - Gateway heartbeat [2025-11-10T15:30:59.916811300]
2025-11-10 15:31:09,299 INFO  o.s.b.w.e.netty.GracefulShutdown [SpringApplicationShutdownHook] - Commencing graceful shutdown. Waiting for active requests to complete
2025-11-10 15:31:09,303 INFO  o.s.b.w.e.netty.GracefulShutdown [netty-shutdown] - Graceful shutdown complete
2025-11-10 15:31:58,944 INFO  o.h.validator.internal.util.Version [background-preinit] - HV000001: Hibernate Validator 8.0.1.Final
2025-11-10 15:31:58,995 INFO  a.e.u.f.a.ApiGatewayApplication [main] - Starting ApiGatewayApplication using Java 21.0.3 with PID 6672 (C:\Users\54266\Desktop\prueba\backend-tpi-grupo7\api-gateway\target\classes started by Luz  Melanie Tito in C:\Users\54266\Desktop\prueba\backend-tpi-grupo7\api-gateway)
2025-11-10 15:31:58,997 DEBUG a.e.u.f.a.ApiGatewayApplication [main] - Running with Spring Boot v3.4.0, Spring v6.2.0
2025-11-10 15:31:58,997 INFO  a.e.u.f.a.ApiGatewayApplication [main] - No active profile set, falling back to 1 default profile: "default"
2025-11-10 15:31:59,615 INFO  o.s.cloud.context.scope.GenericScope [main] - BeanFactory id=d530977e-a50c-3ad5-b5fa-ea1ecf07e70e
2025-11-10 15:32:00,130 INFO  o.s.c.g.r.RouteDefinitionRouteLocator [main] - Loaded RoutePredicateFactory [After]
2025-11-10 15:32:00,130 INFO  o.s.c.g.r.RouteDefinitionRouteLocator [main] - Loaded RoutePredicateFactory [Before]
2025-11-10 15:32:00,130 INFO  o.s.c.g.r.RouteDefinitionRouteLocator [main] - Loaded RoutePredicateFactory [Between]
2025-11-10 15:32:00,130 INFO  o.s.c.g.r.RouteDefinitionRouteLocator [main] - Loaded RoutePredicateFactory [Cookie]
2025-11-10 15:32:00,130 INFO  o.s.c.g.r.RouteDefinitionRouteLocator [main] - Loaded RoutePredicateFactory [Header]
2025-11-10 15:32:00,131 INFO  o.s.c.g.r.RouteDefinitionRouteLocator [main] - Loaded RoutePredicateFactory [Host]
2025-11-10 15:32:00,131 INFO  o.s.c.g.r.RouteDefinitionRouteLocator [main] - Loaded RoutePredicateFactory [Method]
2025-11-10 15:32:00,131 INFO  o.s.c.g.r.RouteDefinitionRouteLocator [main] - Loaded RoutePredicateFactory [Path]
2025-11-10 15:32:00,131 INFO  o.s.c.g.r.RouteDefinitionRouteLocator [main] - Loaded RoutePredicateFactory [Query]
2025-11-10 15:32:00,131 INFO  o.s.c.g.r.RouteDefinitionRouteLocator [main] - Loaded RoutePredicateFactory [ReadBody]
2025-11-10 15:32:00,131 INFO  o.s.c.g.r.RouteDefinitionRouteLocator [main] - Loaded RoutePredicateFactory [RemoteAddr]
2025-11-10 15:32:00,131 INFO  o.s.c.g.r.RouteDefinitionRouteLocator [main] - Loaded RoutePredicateFactory [XForwardedRemoteAddr]
2025-11-10 15:32:00,131 INFO  o.s.c.g.r.RouteDefinitionRouteLocator [main] - Loaded RoutePredicateFactory [Weight]
2025-11-10 15:32:00,131 INFO  o.s.c.g.r.RouteDefinitionRouteLocator [main] - Loaded RoutePredicateFactory [CloudFoundryRouteService]
2025-11-10 15:32:00,305 INFO  o.s.b.a.e.web.EndpointLinksResolver [main] - Exposing 2 endpoints beneath base path '/actuator'
2025-11-10 15:32:00,576 INFO  o.s.b.w.e.netty.NettyWebServer [main] - Netty started on port 8080 (http)
2025-11-10 15:32:00,606 INFO  a.e.u.f.a.timer.GatewayLogJobs [scheduling-1] - Gateway heartbeat [2025-11-10T15:32:00.606222700]
2025-11-10 15:32:00,637 INFO  a.e.u.f.a.ApiGatewayApplication [main] - Started ApiGatewayApplication in 2.05 seconds (process running for 2.401)
2025-11-10 15:32:10,609 INFO  a.e.u.f.a.timer.GatewayLogJobs [scheduling-1] - Gateway heartbeat [2025-11-10T15:32:10.609126200]
2025-11-10 15:32:14,900 INFO  o.s.b.w.e.netty.GracefulShutdown [SpringApplicationShutdownHook] - Commencing graceful shutdown. Waiting for active requests to complete
2025-11-10 15:32:14,901 INFO  o.s.b.w.e.netty.GracefulShutdown [netty-shutdown] - Graceful shutdown complete
2025-11-10 15:33:56,435 INFO  o.h.validator.internal.util.Version [background-preinit] - HV000001: Hibernate Validator 8.0.1.Final
2025-11-10 15:33:56,486 INFO  a.e.u.f.a.ApiGatewayApplication [main] - Starting ApiGatewayApplication using Java 21.0.3 with PID 17128 (C:\Users\54266\Desktop\prueba\backend-tpi-grupo7\api-gateway\target\classes started by Luz  Melanie Tito in C:\Users\54266\Desktop\prueba\backend-tpi-grupo7\api-gateway)
2025-11-10 15:33:56,486 DEBUG a.e.u.f.a.ApiGatewayApplication [main] - Running with Spring Boot v3.4.0, Spring v6.2.0
2025-11-10 15:33:56,487 INFO  a.e.u.f.a.ApiGatewayApplication [main] - No active profile set, falling back to 1 default profile: "default"
2025-11-10 15:33:57,207 INFO  o.s.cloud.context.scope.GenericScope [main] - BeanFactory id=d530977e-a50c-3ad5-b5fa-ea1ecf07e70e
2025-11-10 15:33:57,752 INFO  o.s.c.g.r.RouteDefinitionRouteLocator [main] - Loaded RoutePredicateFactory [After]
2025-11-10 15:33:57,752 INFO  o.s.c.g.r.RouteDefinitionRouteLocator [main] - Loaded RoutePredicateFactory [Before]
2025-11-10 15:33:57,752 INFO  o.s.c.g.r.RouteDefinitionRouteLocator [main] - Loaded RoutePredicateFactory [Between]
2025-11-10 15:33:57,753 INFO  o.s.c.g.r.RouteDefinitionRouteLocator [main] - Loaded RoutePredicateFactory [Cookie]
2025-11-10 15:33:57,753 INFO  o.s.c.g.r.RouteDefinitionRouteLocator [main] - Loaded RoutePredicateFactory [Header]
2025-11-10 15:33:57,753 INFO  o.s.c.g.r.RouteDefinitionRouteLocator [main] - Loaded RoutePredicateFactory [Host]
2025-11-10 15:33:57,753 INFO  o.s.c.g.r.RouteDefinitionRouteLocator [main] - Loaded RoutePredicateFactory [Method]
2025-11-10 15:33:57,753 INFO  o.s.c.g.r.RouteDefinitionRouteLocator [main] - Loaded RoutePredicateFactory [Path]
2025-11-10 15:33:57,753 INFO  o.s.c.g.r.RouteDefinitionRouteLocator [main] - Loaded RoutePredicateFactory [Query]
2025-11-10 15:33:57,753 INFO  o.s.c.g.r.RouteDefinitionRouteLocator [main] - Loaded RoutePredicateFactory [ReadBody]
2025-11-10 15:33:57,754 INFO  o.s.c.g.r.RouteDefinitionRouteLocator [main] - Loaded RoutePredicateFactory [RemoteAddr]
2025-11-10 15:33:57,754 INFO  o.s.c.g.r.RouteDefinitionRouteLocator [main] - Loaded RoutePredicateFactory [XForwardedRemoteAddr]
2025-11-10 15:33:57,754 INFO  o.s.c.g.r.RouteDefinitionRouteLocator [main] - Loaded RoutePredicateFactory [Weight]
2025-11-10 15:33:57,754 INFO  o.s.c.g.r.RouteDefinitionRouteLocator [main] - Loaded RoutePredicateFactory [CloudFoundryRouteService]
2025-11-10 15:33:57,934 INFO  o.s.b.a.e.web.EndpointLinksResolver [main] - Exposing 2 endpoints beneath base path '/actuator'
2025-11-10 15:33:58,176 INFO  o.s.b.w.e.netty.NettyWebServer [main] - Netty started on port 8080 (http)
2025-11-10 15:33:58,208 INFO  a.e.u.f.a.timer.GatewayLogJobs [scheduling-1] - Gateway heartbeat [2025-11-10T15:33:58.208431200]
2025-11-10 15:33:58,233 INFO  a.e.u.f.a.ApiGatewayApplication [main] - Started ApiGatewayApplication in 2.21 seconds (process running for 2.525)
2025-11-10 15:34:08,197 INFO  a.e.u.f.a.timer.GatewayLogJobs [scheduling-1] - Gateway heartbeat [2025-11-10T15:34:08.197132300]
2025-11-10 15:34:18,205 INFO  a.e.u.f.a.timer.GatewayLogJobs [scheduling-1] - Gateway heartbeat [2025-11-10T15:34:18.205998700]
2025-11-10 15:34:28,201 INFO  a.e.u.f.a.timer.GatewayLogJobs [scheduling-1] - Gateway heartbeat [2025-11-10T15:34:28.201401700]
2025-11-10 15:34:31,953 INFO  o.s.b.w.e.netty.GracefulShutdown [SpringApplicationShutdownHook] - Commencing graceful shutdown. Waiting for active requests to complete
2025-11-10 15:34:31,955 INFO  o.s.b.w.e.netty.GracefulShutdown [netty-shutdown] - Graceful shutdown complete
2025-11-10 15:36:10,717 INFO  o.h.validator.internal.util.Version [background-preinit] - HV000001: Hibernate Validator 8.0.1.Final
2025-11-10 15:36:10,761 INFO  a.e.u.f.a.ApiGatewayApplication [main] - Starting ApiGatewayApplication using Java 21.0.3 with PID 31188 (C:\Users\54266\Desktop\prueba\backend-tpi-grupo7\api-gateway\target\classes started by Luz  Melanie Tito in C:\Users\54266\Desktop\prueba\backend-tpi-grupo7\api-gateway)
2025-11-10 15:36:10,761 DEBUG a.e.u.f.a.ApiGatewayApplication [main] - Running with Spring Boot v3.4.0, Spring v6.2.0
2025-11-10 15:36:10,762 INFO  a.e.u.f.a.ApiGatewayApplication [main] - No active profile set, falling back to 1 default profile: "default"
2025-11-10 15:36:11,379 INFO  o.s.cloud.context.scope.GenericScope [main] - BeanFactory id=d530977e-a50c-3ad5-b5fa-ea1ecf07e70e
2025-11-10 15:36:11,893 INFO  o.s.c.g.r.RouteDefinitionRouteLocator [main] - Loaded RoutePredicateFactory [After]
2025-11-10 15:36:11,895 INFO  o.s.c.g.r.RouteDefinitionRouteLocator [main] - Loaded RoutePredicateFactory [Before]
2025-11-10 15:36:11,895 INFO  o.s.c.g.r.RouteDefinitionRouteLocator [main] - Loaded RoutePredicateFactory [Between]
2025-11-10 15:36:11,895 INFO  o.s.c.g.r.RouteDefinitionRouteLocator [main] - Loaded RoutePredicateFactory [Cookie]
2025-11-10 15:36:11,895 INFO  o.s.c.g.r.RouteDefinitionRouteLocator [main] - Loaded RoutePredicateFactory [Header]
2025-11-10 15:36:11,895 INFO  o.s.c.g.r.RouteDefinitionRouteLocator [main] - Loaded RoutePredicateFactory [Host]
2025-11-10 15:36:11,895 INFO  o.s.c.g.r.RouteDefinitionRouteLocator [main] - Loaded RoutePredicateFactory [Method]
2025-11-10 15:36:11,895 INFO  o.s.c.g.r.RouteDefinitionRouteLocator [main] - Loaded RoutePredicateFactory [Path]
2025-11-10 15:36:11,895 INFO  o.s.c.g.r.RouteDefinitionRouteLocator [main] - Loaded RoutePredicateFactory [Query]
2025-11-10 15:36:11,895 INFO  o.s.c.g.r.RouteDefinitionRouteLocator [main] - Loaded RoutePredicateFactory [ReadBody]
2025-11-10 15:36:11,895 INFO  o.s.c.g.r.RouteDefinitionRouteLocator [main] - Loaded RoutePredicateFactory [RemoteAddr]
2025-11-10 15:36:11,895 INFO  o.s.c.g.r.RouteDefinitionRouteLocator [main] - Loaded RoutePredicateFactory [XForwardedRemoteAddr]
2025-11-10 15:36:11,895 INFO  o.s.c.g.r.RouteDefinitionRouteLocator [main] - Loaded RoutePredicateFactory [Weight]
2025-11-10 15:36:11,896 INFO  o.s.c.g.r.RouteDefinitionRouteLocator [main] - Loaded RoutePredicateFactory [CloudFoundryRouteService]
2025-11-10 15:36:12,070 INFO  o.s.b.a.e.web.EndpointLinksResolver [main] - Exposing 2 endpoints beneath base path '/actuator'
2025-11-10 15:36:12,275 INFO  o.s.b.w.e.netty.NettyWebServer [main] - Netty started on port 8080 (http)
2025-11-10 15:36:12,299 INFO  a.e.u.f.a.timer.GatewayLogJobs [scheduling-1] - Gateway heartbeat [2025-11-10T15:36:12.299559]
2025-11-10 15:36:12,324 INFO  a.e.u.f.a.ApiGatewayApplication [main] - Started ApiGatewayApplication in 1.934 seconds (process running for 2.233)
2025-11-10 15:36:20,033 INFO  a.e.u.f.a.c.GatewayLogController [reactor-http-nio-2] - Log INFO desde API Gateway
2025-11-10 15:36:22,299 INFO  a.e.u.f.a.timer.GatewayLogJobs [scheduling-1] - Gateway heartbeat [2025-11-10T15:36:22.299650900]
2025-11-10 15:36:32,299 INFO  a.e.u.f.a.timer.GatewayLogJobs [scheduling-1] - Gateway heartbeat [2025-11-10T15:36:32.299003100]
2025-11-10 15:36:42,298 INFO  a.e.u.f.a.timer.GatewayLogJobs [scheduling-1] - Gateway heartbeat [2025-11-10T15:36:42.298704800]
2025-11-10 15:36:52,298 INFO  a.e.u.f.a.timer.GatewayLogJobs [scheduling-1] - Gateway heartbeat [2025-11-10T15:36:52.298300200]
2025-11-10 15:37:02,294 INFO  a.e.u.f.a.timer.GatewayLogJobs [scheduling-1] - Gateway heartbeat [2025-11-10T15:37:02.294078600]
2025-11-10 15:37:05,312 INFO  o.s.b.w.e.netty.GracefulShutdown [SpringApplicationShutdownHook] - Commencing graceful shutdown. Waiting for active requests to complete
2025-11-10 15:37:05,313 INFO  o.s.b.w.e.netty.GracefulShutdown [netty-shutdown] - Graceful shutdown complete
2025-11-13 11:50:26,772 INFO  o.h.validator.internal.util.Version [background-preinit] - HV000001: Hibernate Validator 8.0.1.Final
2025-11-13 11:50:26,816 INFO  a.e.u.f.a.ApiGatewayApplication [main] - Starting ApiGatewayApplication using Java 21.0.3 with PID 27472 (C:\Users\54266\Desktop\prueba\backend-tpi-grupo7\api-gateway\target\classes started by Luz  Melanie Tito in C:\Users\54266\Desktop\prueba\backend-tpi-grupo7\api-gateway)
2025-11-13 11:50:26,817 DEBUG a.e.u.f.a.ApiGatewayApplication [main] - Running with Spring Boot v3.4.0, Spring v6.2.0
2025-11-13 11:50:26,818 INFO  a.e.u.f.a.ApiGatewayApplication [main] - No active profile set, falling back to 1 default profile: "default"
2025-11-13 11:50:27,535 INFO  o.s.cloud.context.scope.GenericScope [main] - BeanFactory id=d530977e-a50c-3ad5-b5fa-ea1ecf07e70e
2025-11-13 11:50:28,131 INFO  o.s.c.g.r.RouteDefinitionRouteLocator [main] - Loaded RoutePredicateFactory [After]
2025-11-13 11:50:28,132 INFO  o.s.c.g.r.RouteDefinitionRouteLocator [main] - Loaded RoutePredicateFactory [Before]
2025-11-13 11:50:28,132 INFO  o.s.c.g.r.RouteDefinitionRouteLocator [main] - Loaded RoutePredicateFactory [Between]
2025-11-13 11:50:28,132 INFO  o.s.c.g.r.RouteDefinitionRouteLocator [main] - Loaded RoutePredicateFactory [Cookie]
2025-11-13 11:50:28,132 INFO  o.s.c.g.r.RouteDefinitionRouteLocator [main] - Loaded RoutePredicateFactory [Header]
2025-11-13 11:50:28,132 INFO  o.s.c.g.r.RouteDefinitionRouteLocator [main] - Loaded RoutePredicateFactory [Host]
2025-11-13 11:50:28,132 INFO  o.s.c.g.r.RouteDefinitionRouteLocator [main] - Loaded RoutePredicateFactory [Method]
2025-11-13 11:50:28,132 INFO  o.s.c.g.r.RouteDefinitionRouteLocator [main] - Loaded RoutePredicateFactory [Path]
2025-11-13 11:50:28,132 INFO  o.s.c.g.r.RouteDefinitionRouteLocator [main] - Loaded RoutePredicateFactory [Query]
2025-11-13 11:50:28,132 INFO  o.s.c.g.r.RouteDefinitionRouteLocator [main] - Loaded RoutePredicateFactory [ReadBody]
2025-11-13 11:50:28,133 INFO  o.s.c.g.r.RouteDefinitionRouteLocator [main] - Loaded RoutePredicateFactory [RemoteAddr]
2025-11-13 11:50:28,133 INFO  o.s.c.g.r.RouteDefinitionRouteLocator [main] - Loaded RoutePredicateFactory [XForwardedRemoteAddr]
2025-11-13 11:50:28,133 INFO  o.s.c.g.r.RouteDefinitionRouteLocator [main] - Loaded RoutePredicateFactory [Weight]
2025-11-13 11:50:28,133 INFO  o.s.c.g.r.RouteDefinitionRouteLocator [main] - Loaded RoutePredicateFactory [CloudFoundryRouteService]
2025-11-13 11:50:28,313 INFO  o.s.b.a.e.web.EndpointLinksResolver [main] - Exposing 2 endpoints beneath base path '/actuator'
2025-11-13 11:50:28,543 INFO  o.s.b.w.e.netty.NettyWebServer [main] - Netty started on port 8080 (http)
2025-11-13 11:50:28,569 INFO  a.e.u.f.a.timer.GatewayLogJobs [scheduling-1] - Gateway heartbeat [2025-11-13T11:50:28.569919100]
2025-11-13 11:50:28,594 INFO  a.e.u.f.a.ApiGatewayApplication [main] - Started ApiGatewayApplication in 2.185 seconds (process running for 2.535)
2025-11-13 11:50:38,578 INFO  a.e.u.f.a.timer.GatewayLogJobs [scheduling-1] - Gateway heartbeat [2025-11-13T11:50:38.577785600]
2025-11-13 11:50:48,565 INFO  a.e.u.f.a.timer.GatewayLogJobs [scheduling-1] - Gateway heartbeat [2025-11-13T11:50:48.564498400]
2025-11-13 11:50:58,571 INFO  a.e.u.f.a.timer.GatewayLogJobs [scheduling-1] - Gateway heartbeat [2025-11-13T11:50:58.571544400]
2025-11-13 11:51:08,577 INFO  a.e.u.f.a.timer.GatewayLogJobs [scheduling-1] - Gateway heartbeat [2025-11-13T11:51:08.577132900]
2025-11-13 11:51:18,567 INFO  a.e.u.f.a.timer.GatewayLogJobs [scheduling-1] - Gateway heartbeat [2025-11-13T11:51:18.567375100]
2025-11-13 11:51:28,571 INFO  a.e.u.f.a.timer.GatewayLogJobs [scheduling-1] - Gateway heartbeat [2025-11-13T11:51:28.571481200]
2025-11-13 11:51:38,576 INFO  a.e.u.f.a.timer.GatewayLogJobs [scheduling-1] - Gateway heartbeat [2025-11-13T11:51:38.576228400]
2025-11-13 11:51:48,566 INFO  a.e.u.f.a.timer.GatewayLogJobs [scheduling-1] - Gateway heartbeat [2025-11-13T11:51:48.566528900]
2025-11-13 11:51:58,570 INFO  a.e.u.f.a.timer.GatewayLogJobs [scheduling-1] - Gateway heartbeat [2025-11-13T11:51:58.570016900]
2025-11-13 11:52:08,574 INFO  a.e.u.f.a.timer.GatewayLogJobs [scheduling-1] - Gateway heartbeat [2025-11-13T11:52:08.574582100]
2025-11-13 11:52:18,573 INFO  a.e.u.f.a.timer.GatewayLogJobs [scheduling-1] - Gateway heartbeat [2025-11-13T11:52:18.573029300]
2025-11-13 11:52:28,564 INFO  a.e.u.f.a.timer.GatewayLogJobs [scheduling-1] - Gateway heartbeat [2025-11-13T11:52:28.564385500]
2025-11-13 11:52:38,570 INFO  a.e.u.f.a.timer.GatewayLogJobs [scheduling-1] - Gateway heartbeat [2025-11-13T11:52:38.570434400]
2025-11-13 11:52:48,578 INFO  a.e.u.f.a.timer.GatewayLogJobs [scheduling-1] - Gateway heartbeat [2025-11-13T11:52:48.578187200]
2025-11-13 11:52:58,571 INFO  a.e.u.f.a.timer.GatewayLogJobs [scheduling-1] - Gateway heartbeat [2025-11-13T11:52:58.571864400]
2025-11-13 11:53:08,571 INFO  a.e.u.f.a.timer.GatewayLogJobs [scheduling-1] - Gateway heartbeat [2025-11-13T11:53:08.571808]
2025-11-13 11:53:18,563 INFO  a.e.u.f.a.timer.GatewayLogJobs [scheduling-1] - Gateway heartbeat [2025-11-13T11:53:18.563917600]
2025-11-13 11:53:28,569 INFO  a.e.u.f.a.timer.GatewayLogJobs [scheduling-1] - Gateway heartbeat [2025-11-13T11:53:28.569408200]
2025-11-13 11:53:38,566 INFO  a.e.u.f.a.timer.GatewayLogJobs [scheduling-1] - Gateway heartbeat [2025-11-13T11:53:38.566797600]
2025-11-13 11:53:48,569 INFO  a.e.u.f.a.timer.GatewayLogJobs [scheduling-1] - Gateway heartbeat [2025-11-13T11:53:48.569701800]
2025-11-13 11:53:58,568 INFO  a.e.u.f.a.timer.GatewayLogJobs [scheduling-1] - Gateway heartbeat [2025-11-13T11:53:58.567670300]
2025-11-13 11:54:08,574 INFO  a.e.u.f.a.timer.GatewayLogJobs [scheduling-1] - Gateway heartbeat [2025-11-13T11:54:08.574219900]
2025-11-13 11:54:18,569 INFO  a.e.u.f.a.timer.GatewayLogJobs [scheduling-1] - Gateway heartbeat [2025-11-13T11:54:18.568889800]
2025-11-13 11:54:28,571 INFO  a.e.u.f.a.timer.GatewayLogJobs [scheduling-1] - Gateway heartbeat [2025-11-13T11:54:28.571024100]
2025-11-13 11:54:38,567 INFO  a.e.u.f.a.timer.GatewayLogJobs [scheduling-1] - Gateway heartbeat [2025-11-13T11:54:38.567912]
2025-11-13 11:54:48,573 INFO  a.e.u.f.a.timer.GatewayLogJobs [scheduling-1] - Gateway heartbeat [2025-11-13T11:54:48.573439800]
2025-11-13 11:54:58,571 INFO  a.e.u.f.a.timer.GatewayLogJobs [scheduling-1] - Gateway heartbeat [2025-11-13T11:54:58.571786300]
2025-11-13 11:55:08,564 INFO  a.e.u.f.a.timer.GatewayLogJobs [scheduling-1] - Gateway heartbeat [2025-11-13T11:55:08.564669500]
2025-11-13 11:55:18,572 INFO  a.e.u.f.a.timer.GatewayLogJobs [scheduling-1] - Gateway heartbeat [2025-11-13T11:55:18.572149800]
2025-11-13 11:55:28,568 INFO  a.e.u.f.a.timer.GatewayLogJobs [scheduling-1] - Gateway heartbeat [2025-11-13T11:55:28.568515300]
2025-11-13 11:55:38,571 INFO  a.e.u.f.a.timer.GatewayLogJobs [scheduling-1] - Gateway heartbeat [2025-11-13T11:55:38.571344]
2025-11-13 11:55:48,571 INFO  a.e.u.f.a.timer.GatewayLogJobs [scheduling-1] - Gateway heartbeat [2025-11-13T11:55:48.571039400]
2025-11-13 11:55:58,566 INFO  a.e.u.f.a.timer.GatewayLogJobs [scheduling-1] - Gateway heartbeat [2025-11-13T11:55:58.566065600]
2025-11-13 11:56:08,573 INFO  a.e.u.f.a.timer.GatewayLogJobs [scheduling-1] - Gateway heartbeat [2025-11-13T11:56:08.573544600]
2025-11-13 11:56:18,567 INFO  a.e.u.f.a.timer.GatewayLogJobs [scheduling-1] - Gateway heartbeat [2025-11-13T11:56:18.567755700]
2025-11-13 11:56:28,567 INFO  a.e.u.f.a.timer.GatewayLogJobs [scheduling-1] - Gateway heartbeat [2025-11-13T11:56:28.567171600]
2025-11-13 11:56:38,568 INFO  a.e.u.f.a.timer.GatewayLogJobs [scheduling-1] - Gateway heartbeat [2025-11-13T11:56:38.568929400]
2025-11-13 11:56:48,567 INFO  a.e.u.f.a.timer.GatewayLogJobs [scheduling-1] - Gateway heartbeat [2025-11-13T11:56:48.567702]
2025-11-13 11:56:58,568 INFO  a.e.u.f.a.timer.GatewayLogJobs [scheduling-1] - Gateway heartbeat [2025-11-13T11:56:58.568373600]
2025-11-13 11:57:08,570 INFO  a.e.u.f.a.timer.GatewayLogJobs [scheduling-1] - Gateway heartbeat [2025-11-13T11:57:08.570572900]
2025-11-13 11:57:18,574 INFO  a.e.u.f.a.timer.GatewayLogJobs [scheduling-1] - Gateway heartbeat [2025-11-13T11:57:18.574568900]
2025-11-13 11:57:28,577 INFO  a.e.u.f.a.timer.GatewayLogJobs [scheduling-1] - Gateway heartbeat [2025-11-13T11:57:28.577476700]
2025-11-13 11:57:38,572 INFO  a.e.u.f.a.timer.GatewayLogJobs [scheduling-1] - Gateway heartbeat [2025-11-13T11:57:38.572394200]
2025-11-13 11:57:48,573 INFO  a.e.u.f.a.timer.GatewayLogJobs [scheduling-1] - Gateway heartbeat [2025-11-13T11:57:48.573167900]
2025-11-13 11:57:58,571 INFO  a.e.u.f.a.timer.GatewayLogJobs [scheduling-1] - Gateway heartbeat [2025-11-13T11:57:58.570736500]
2025-11-13 11:58:08,569 INFO  a.e.u.f.a.timer.GatewayLogJobs [scheduling-1] - Gateway heartbeat [2025-11-13T11:58:08.569606]
2025-11-13 11:58:18,573 INFO  a.e.u.f.a.timer.GatewayLogJobs [scheduling-1] - Gateway heartbeat [2025-11-13T11:58:18.573850600]
2025-11-13 11:58:28,572 INFO  a.e.u.f.a.timer.GatewayLogJobs [scheduling-1] - Gateway heartbeat [2025-11-13T11:58:28.572225100]
2025-11-13 11:58:38,566 INFO  a.e.u.f.a.timer.GatewayLogJobs [scheduling-1] - Gateway heartbeat [2025-11-13T11:58:38.566386200]
2025-11-13 11:58:48,565 INFO  a.e.u.f.a.timer.GatewayLogJobs [scheduling-1] - Gateway heartbeat [2025-11-13T11:58:48.565777700]
2025-11-13 11:58:58,567 INFO  a.e.u.f.a.timer.GatewayLogJobs [scheduling-1] - Gateway heartbeat [2025-11-13T11:58:58.567569700]
2025-11-13 11:59:08,572 INFO  a.e.u.f.a.timer.GatewayLogJobs [scheduling-1] - Gateway heartbeat [2025-11-13T11:59:08.572209100]
2025-11-13 11:59:18,571 INFO  a.e.u.f.a.timer.GatewayLogJobs [scheduling-1] - Gateway heartbeat [2025-11-13T11:59:18.571400]
2025-11-13 11:59:28,567 INFO  a.e.u.f.a.timer.GatewayLogJobs [scheduling-1] - Gateway heartbeat [2025-11-13T11:59:28.566759800]
2025-11-13 11:59:38,564 INFO  a.e.u.f.a.timer.GatewayLogJobs [scheduling-1] - Gateway heartbeat [2025-11-13T11:59:38.564577100]
2025-11-13 11:59:48,570 INFO  a.e.u.f.a.timer.GatewayLogJobs [scheduling-1] - Gateway heartbeat [2025-11-13T11:59:48.570820400]
2025-11-13 11:59:58,568 INFO  a.e.u.f.a.timer.GatewayLogJobs [scheduling-1] - Gateway heartbeat [2025-11-13T11:59:58.568809800]
2025-11-13 12:00:08,561 INFO  a.e.u.f.a.timer.GatewayLogJobs [scheduling-1] - Gateway heartbeat [2025-11-13T12:00:08.561981900]
2025-11-13 12:00:18,575 INFO  a.e.u.f.a.timer.GatewayLogJobs [scheduling-1] - Gateway heartbeat [2025-11-13T12:00:18.575357100]
2025-11-13 12:00:28,160 INFO  o.s.b.w.e.netty.GracefulShutdown [SpringApplicationShutdownHook] - Commencing graceful shutdown. Waiting for active requests to complete
2025-11-13 12:00:28,162 INFO  o.s.b.w.e.netty.GracefulShutdown [netty-shutdown] - Graceful shutdown complete
2025-11-13 12:01:25,683 INFO  o.h.validator.internal.util.Version [background-preinit] - HV000001: Hibernate Validator 8.0.1.Final
2025-11-13 12:01:25,741 INFO  a.e.u.f.a.ApiGatewayApplication [main] - Starting ApiGatewayApplication using Java 21.0.3 with PID 27620 (C:\Users\54266\Desktop\prueba\backend-tpi-grupo7\api-gateway\target\classes started by Luz  Melanie Tito in C:\Users\54266\Desktop\prueba\backend-tpi-grupo7\api-gateway)
2025-11-13 12:01:25,742 DEBUG a.e.u.f.a.ApiGatewayApplication [main] - Running with Spring Boot v3.4.0, Spring v6.2.0
2025-11-13 12:01:25,743 INFO  a.e.u.f.a.ApiGatewayApplication [main] - No active profile set, falling back to 1 default profile: "default"
2025-11-13 12:01:26,502 INFO  o.s.cloud.context.scope.GenericScope [main] - BeanFactory id=d530977e-a50c-3ad5-b5fa-ea1ecf07e70e
2025-11-13 12:01:27,054 INFO  o.s.c.g.r.RouteDefinitionRouteLocator [main] - Loaded RoutePredicateFactory [After]
2025-11-13 12:01:27,056 INFO  o.s.c.g.r.RouteDefinitionRouteLocator [main] - Loaded RoutePredicateFactory [Before]
2025-11-13 12:01:27,056 INFO  o.s.c.g.r.RouteDefinitionRouteLocator [main] - Loaded RoutePredicateFactory [Between]
2025-11-13 12:01:27,056 INFO  o.s.c.g.r.RouteDefinitionRouteLocator [main] - Loaded RoutePredicateFactory [Cookie]
2025-11-13 12:01:27,056 INFO  o.s.c.g.r.RouteDefinitionRouteLocator [main] - Loaded RoutePredicateFactory [Header]
2025-11-13 12:01:27,056 INFO  o.s.c.g.r.RouteDefinitionRouteLocator [main] - Loaded RoutePredicateFactory [Host]
2025-11-13 12:01:27,056 INFO  o.s.c.g.r.RouteDefinitionRouteLocator [main] - Loaded RoutePredicateFactory [Method]
2025-11-13 12:01:27,057 INFO  o.s.c.g.r.RouteDefinitionRouteLocator [main] - Loaded RoutePredicateFactory [Path]
2025-11-13 12:01:27,057 INFO  o.s.c.g.r.RouteDefinitionRouteLocator [main] - Loaded RoutePredicateFactory [Query]
2025-11-13 12:01:27,057 INFO  o.s.c.g.r.RouteDefinitionRouteLocator [main] - Loaded RoutePredicateFactory [ReadBody]
2025-11-13 12:01:27,057 INFO  o.s.c.g.r.RouteDefinitionRouteLocator [main] - Loaded RoutePredicateFactory [RemoteAddr]
2025-11-13 12:01:27,057 INFO  o.s.c.g.r.RouteDefinitionRouteLocator [main] - Loaded RoutePredicateFactory [XForwardedRemoteAddr]
2025-11-13 12:01:27,057 INFO  o.s.c.g.r.RouteDefinitionRouteLocator [main] - Loaded RoutePredicateFactory [Weight]
2025-11-13 12:01:27,057 INFO  o.s.c.g.r.RouteDefinitionRouteLocator [main] - Loaded RoutePredicateFactory [CloudFoundryRouteService]
2025-11-13 12:01:27,251 INFO  o.s.b.a.e.web.EndpointLinksResolver [main] - Exposing 2 endpoints beneath base path '/actuator'
2025-11-13 12:01:27,494 INFO  o.s.b.w.e.netty.NettyWebServer [main] - Netty started on port 8080 (http)
2025-11-13 12:01:27,515 INFO  a.e.u.f.a.timer.GatewayLogJobs [scheduling-1] - Gateway heartbeat [2025-11-13T12:01:27.515940700]
2025-11-13 12:01:27,541 INFO  a.e.u.f.a.ApiGatewayApplication [main] - Started ApiGatewayApplication in 2.161 seconds (process running for 2.452)
2025-11-13 12:01:37,522 INFO  a.e.u.f.a.timer.GatewayLogJobs [scheduling-1] - Gateway heartbeat [2025-11-13T12:01:37.522373900]
2025-11-13 12:01:47,511 INFO  a.e.u.f.a.timer.GatewayLogJobs [scheduling-1] - Gateway heartbeat [2025-11-13T12:01:47.511062100]
2025-11-13 12:01:57,516 INFO  a.e.u.f.a.timer.GatewayLogJobs [scheduling-1] - Gateway heartbeat [2025-11-13T12:01:57.516865300]
2025-11-13 12:02:05,940 INFO  o.s.b.w.e.netty.GracefulShutdown [SpringApplicationShutdownHook] - Commencing graceful shutdown. Waiting for active requests to complete
2025-11-13 12:02:05,943 INFO  o.s.b.w.e.netty.GracefulShutdown [netty-shutdown] - Graceful shutdown complete
2025-11-13 12:07:10,745 INFO  o.h.validator.internal.util.Version [background-preinit] - HV000001: Hibernate Validator 8.0.1.Final
2025-11-13 12:07:10,809 INFO  a.e.u.f.a.ApiGatewayApplication [main] - Starting ApiGatewayApplication using Java 21.0.3 with PID 23664 (C:\Users\54266\Desktop\prueba\backend-tpi-grupo7\api-gateway\target\classes started by Luz  Melanie Tito in C:\Users\54266\Desktop\prueba\backend-tpi-grupo7\api-gateway)
2025-11-13 12:07:10,810 DEBUG a.e.u.f.a.ApiGatewayApplication [main] - Running with Spring Boot v3.4.0, Spring v6.2.0
2025-11-13 12:07:10,810 INFO  a.e.u.f.a.ApiGatewayApplication [main] - No active profile set, falling back to 1 default profile: "default"
2025-11-13 12:07:11,675 INFO  o.s.cloud.context.scope.GenericScope [main] - BeanFactory id=d530977e-a50c-3ad5-b5fa-ea1ecf07e70e
2025-11-13 12:07:12,277 INFO  o.s.c.g.r.RouteDefinitionRouteLocator [main] - Loaded RoutePredicateFactory [After]
2025-11-13 12:07:12,277 INFO  o.s.c.g.r.RouteDefinitionRouteLocator [main] - Loaded RoutePredicateFactory [Before]
2025-11-13 12:07:12,277 INFO  o.s.c.g.r.RouteDefinitionRouteLocator [main] - Loaded RoutePredicateFactory [Between]
2025-11-13 12:07:12,277 INFO  o.s.c.g.r.RouteDefinitionRouteLocator [main] - Loaded RoutePredicateFactory [Cookie]
2025-11-13 12:07:12,277 INFO  o.s.c.g.r.RouteDefinitionRouteLocator [main] - Loaded RoutePredicateFactory [Header]
2025-11-13 12:07:12,277 INFO  o.s.c.g.r.RouteDefinitionRouteLocator [main] - Loaded RoutePredicateFactory [Host]
2025-11-13 12:07:12,277 INFO  o.s.c.g.r.RouteDefinitionRouteLocator [main] - Loaded RoutePredicateFactory [Method]
2025-11-13 12:07:12,277 INFO  o.s.c.g.r.RouteDefinitionRouteLocator [main] - Loaded RoutePredicateFactory [Path]
2025-11-13 12:07:12,277 INFO  o.s.c.g.r.RouteDefinitionRouteLocator [main] - Loaded RoutePredicateFactory [Query]
2025-11-13 12:07:12,277 INFO  o.s.c.g.r.RouteDefinitionRouteLocator [main] - Loaded RoutePredicateFactory [ReadBody]
2025-11-13 12:07:12,277 INFO  o.s.c.g.r.RouteDefinitionRouteLocator [main] - Loaded RoutePredicateFactory [RemoteAddr]
2025-11-13 12:07:12,278 INFO  o.s.c.g.r.RouteDefinitionRouteLocator [main] - Loaded RoutePredicateFactory [XForwardedRemoteAddr]
2025-11-13 12:07:12,278 INFO  o.s.c.g.r.RouteDefinitionRouteLocator [main] - Loaded RoutePredicateFactory [Weight]
2025-11-13 12:07:12,278 INFO  o.s.c.g.r.RouteDefinitionRouteLocator [main] - Loaded RoutePredicateFactory [CloudFoundryRouteService]
2025-11-13 12:07:12,460 INFO  o.s.b.a.e.web.EndpointLinksResolver [main] - Exposing 2 endpoints beneath base path '/actuator'
2025-11-13 12:07:12,687 INFO  o.s.b.w.e.netty.NettyWebServer [main] - Netty started on port 8080 (http)
2025-11-13 12:07:12,711 INFO  a.e.u.f.a.timer.GatewayLogJobs [scheduling-1] - Gateway heartbeat [2025-11-13T12:07:12.711859200]
2025-11-13 12:07:12,736 INFO  a.e.u.f.a.ApiGatewayApplication [main] - Started ApiGatewayApplication in 2.499 seconds (process running for 2.967)
2025-11-13 12:07:22,713 INFO  a.e.u.f.a.timer.GatewayLogJobs [scheduling-1] - Gateway heartbeat [2025-11-13T12:07:22.713822800]
2025-11-13 12:07:32,709 INFO  a.e.u.f.a.timer.GatewayLogJobs [scheduling-1] - Gateway heartbeat [2025-11-13T12:07:32.709963600]
2025-11-13 12:07:40,004 INFO  o.s.b.w.e.netty.GracefulShutdown [SpringApplicationShutdownHook] - Commencing graceful shutdown. Waiting for active requests to complete
2025-11-13 12:07:40,005 INFO  o.s.b.w.e.netty.GracefulShutdown [netty-shutdown] - Graceful shutdown complete
2025-11-13 12:09:00,361 INFO  o.h.validator.internal.util.Version [background-preinit] - HV000001: Hibernate Validator 8.0.1.Final
2025-11-13 12:09:00,404 INFO  a.e.u.f.a.ApiGatewayApplication [main] - Starting ApiGatewayApplication using Java 21.0.3 with PID 27492 (C:\Users\54266\Desktop\prueba\backend-tpi-grupo7\api-gateway\target\classes started by Luz  Melanie Tito in C:\Users\54266\Desktop\prueba\backend-tpi-grupo7\api-gateway)
2025-11-13 12:09:00,405 DEBUG a.e.u.f.a.ApiGatewayApplication [main] - Running with Spring Boot v3.4.0, Spring v6.2.0
2025-11-13 12:09:00,406 INFO  a.e.u.f.a.ApiGatewayApplication [main] - No active profile set, falling back to 1 default profile: "default"
2025-11-13 12:09:01,108 INFO  o.s.cloud.context.scope.GenericScope [main] - BeanFactory id=d530977e-a50c-3ad5-b5fa-ea1ecf07e70e
2025-11-13 12:09:01,947 INFO  o.s.c.g.r.RouteDefinitionRouteLocator [main] - Loaded RoutePredicateFactory [After]
2025-11-13 12:09:01,947 INFO  o.s.c.g.r.RouteDefinitionRouteLocator [main] - Loaded RoutePredicateFactory [Before]
2025-11-13 12:09:01,947 INFO  o.s.c.g.r.RouteDefinitionRouteLocator [main] - Loaded RoutePredicateFactory [Between]
2025-11-13 12:09:01,947 INFO  o.s.c.g.r.RouteDefinitionRouteLocator [main] - Loaded RoutePredicateFactory [Cookie]
2025-11-13 12:09:01,947 INFO  o.s.c.g.r.RouteDefinitionRouteLocator [main] - Loaded RoutePredicateFactory [Header]
2025-11-13 12:09:01,947 INFO  o.s.c.g.r.RouteDefinitionRouteLocator [main] - Loaded RoutePredicateFactory [Host]
2025-11-13 12:09:01,947 INFO  o.s.c.g.r.RouteDefinitionRouteLocator [main] - Loaded RoutePredicateFactory [Method]
2025-11-13 12:09:01,947 INFO  o.s.c.g.r.RouteDefinitionRouteLocator [main] - Loaded RoutePredicateFactory [Path]
2025-11-13 12:09:01,947 INFO  o.s.c.g.r.RouteDefinitionRouteLocator [main] - Loaded RoutePredicateFactory [Query]
2025-11-13 12:09:01,947 INFO  o.s.c.g.r.RouteDefinitionRouteLocator [main] - Loaded RoutePredicateFactory [ReadBody]
2025-11-13 12:09:01,947 INFO  o.s.c.g.r.RouteDefinitionRouteLocator [main] - Loaded RoutePredicateFactory [RemoteAddr]
2025-11-13 12:09:01,947 INFO  o.s.c.g.r.RouteDefinitionRouteLocator [main] - Loaded RoutePredicateFactory [XForwardedRemoteAddr]
2025-11-13 12:09:01,948 INFO  o.s.c.g.r.RouteDefinitionRouteLocator [main] - Loaded RoutePredicateFactory [Weight]
2025-11-13 12:09:01,948 INFO  o.s.c.g.r.RouteDefinitionRouteLocator [main] - Loaded RoutePredicateFactory [CloudFoundryRouteService]
2025-11-13 12:09:02,160 INFO  o.s.b.a.e.web.EndpointLinksResolver [main] - Exposing 2 endpoints beneath base path '/actuator'
2025-11-13 12:09:02,367 INFO  o.s.b.w.e.netty.NettyWebServer [main] - Netty started on port 8080 (http)
2025-11-13 12:09:02,396 INFO  a.e.u.f.a.timer.GatewayLogJobs [scheduling-1] - Gateway heartbeat [2025-11-13T12:09:02.396116300]
2025-11-13 12:09:02,420 INFO  a.e.u.f.a.ApiGatewayApplication [main] - Started ApiGatewayApplication in 2.403 seconds (process running for 2.727)
2025-11-13 12:09:12,390 INFO  a.e.u.f.a.timer.GatewayLogJobs [scheduling-1] - Gateway heartbeat [2025-11-13T12:09:12.389669900]
2025-11-13 12:09:22,391 INFO  a.e.u.f.a.timer.GatewayLogJobs [scheduling-1] - Gateway heartbeat [2025-11-13T12:09:22.391557900]
2025-11-13 12:09:29,407 INFO  o.s.b.w.e.netty.GracefulShutdown [SpringApplicationShutdownHook] - Commencing graceful shutdown. Waiting for active requests to complete
2025-11-13 12:09:29,409 INFO  o.s.b.w.e.netty.GracefulShutdown [netty-shutdown] - Graceful shutdown complete
2025-11-13 12:15:00,666 INFO  o.h.validator.internal.util.Version [background-preinit] - HV000001: Hibernate Validator 8.0.1.Final
2025-11-13 12:15:00,724 INFO  a.e.u.f.a.ApiGatewayApplication [main] - Starting ApiGatewayApplication using Java 21.0.3 with PID 38000 (C:\Users\54266\Desktop\prueba\backend-tpi-grupo7\api-gateway\target\classes started by Luz  Melanie Tito in C:\Users\54266\Desktop\prueba\backend-tpi-grupo7\api-gateway)
2025-11-13 12:15:00,725 DEBUG a.e.u.f.a.ApiGatewayApplication [main] - Running with Spring Boot v3.4.0, Spring v6.2.0
2025-11-13 12:15:00,725 INFO  a.e.u.f.a.ApiGatewayApplication [main] - No active profile set, falling back to 1 default profile: "default"
2025-11-13 12:15:01,422 INFO  o.s.cloud.context.scope.GenericScope [main] - BeanFactory id=d530977e-a50c-3ad5-b5fa-ea1ecf07e70e
2025-11-13 12:15:01,978 INFO  o.s.c.g.r.RouteDefinitionRouteLocator [main] - Loaded RoutePredicateFactory [After]
2025-11-13 12:15:01,978 INFO  o.s.c.g.r.RouteDefinitionRouteLocator [main] - Loaded RoutePredicateFactory [Before]
2025-11-13 12:15:01,978 INFO  o.s.c.g.r.RouteDefinitionRouteLocator [main] - Loaded RoutePredicateFactory [Between]
2025-11-13 12:15:01,978 INFO  o.s.c.g.r.RouteDefinitionRouteLocator [main] - Loaded RoutePredicateFactory [Cookie]
2025-11-13 12:15:01,978 INFO  o.s.c.g.r.RouteDefinitionRouteLocator [main] - Loaded RoutePredicateFactory [Header]
2025-11-13 12:15:01,978 INFO  o.s.c.g.r.RouteDefinitionRouteLocator [main] - Loaded RoutePredicateFactory [Host]
2025-11-13 12:15:01,978 INFO  o.s.c.g.r.RouteDefinitionRouteLocator [main] - Loaded RoutePredicateFactory [Method]
2025-11-13 12:15:01,978 INFO  o.s.c.g.r.RouteDefinitionRouteLocator [main] - Loaded RoutePredicateFactory [Path]
2025-11-13 12:15:01,979 INFO  o.s.c.g.r.RouteDefinitionRouteLocator [main] - Loaded RoutePredicateFactory [Query]
2025-11-13 12:15:01,979 INFO  o.s.c.g.r.RouteDefinitionRouteLocator [main] - Loaded RoutePredicateFactory [ReadBody]
2025-11-13 12:15:01,979 INFO  o.s.c.g.r.RouteDefinitionRouteLocator [main] - Loaded RoutePredicateFactory [RemoteAddr]
2025-11-13 12:15:01,979 INFO  o.s.c.g.r.RouteDefinitionRouteLocator [main] - Loaded RoutePredicateFactory [XForwardedRemoteAddr]
2025-11-13 12:15:01,979 INFO  o.s.c.g.r.RouteDefinitionRouteLocator [main] - Loaded RoutePredicateFactory [Weight]
2025-11-13 12:15:01,979 INFO  o.s.c.g.r.RouteDefinitionRouteLocator [main] - Loaded RoutePredicateFactory [CloudFoundryRouteService]
2025-11-13 12:15:02,157 INFO  o.s.b.a.e.web.EndpointLinksResolver [main] - Exposing 2 endpoints beneath base path '/actuator'
2025-11-13 12:15:02,433 INFO  o.s.b.w.e.netty.NettyWebServer [main] - Netty started on port 8080 (http)
2025-11-13 12:15:02,455 INFO  a.e.u.f.a.timer.GatewayLogJobs [scheduling-1] - Gateway heartbeat [2025-11-13T12:15:02.455311800]
2025-11-13 12:15:02,481 INFO  a.e.u.f.a.ApiGatewayApplication [main] - Started ApiGatewayApplication in 2.174 seconds (process running for 2.527)
2025-11-13 12:15:12,456 INFO  a.e.u.f.a.timer.GatewayLogJobs [scheduling-1] - Gateway heartbeat [2025-11-13T12:15:12.456249800]
2025-11-13 12:15:22,450 INFO  a.e.u.f.a.timer.GatewayLogJobs [scheduling-1] - Gateway heartbeat [2025-11-13T12:15:22.450780800]
2025-11-13 12:15:32,456 INFO  a.e.u.f.a.timer.GatewayLogJobs [scheduling-1] - Gateway heartbeat [2025-11-13T12:15:32.456608]
2025-11-13 12:15:40,501 INFO  o.s.b.w.e.netty.GracefulShutdown [SpringApplicationShutdownHook] - Commencing graceful shutdown. Waiting for active requests to complete
2025-11-13 12:15:40,502 INFO  o.s.b.w.e.netty.GracefulShutdown [netty-shutdown] - Graceful shutdown complete
2025-11-13 16:40:55,154 INFO  o.h.validator.internal.util.Version [background-preinit] - HV000001: Hibernate Validator 8.0.1.Final
2025-11-13 16:40:55,216 INFO  a.e.u.f.a.ApiGatewayApplication [main] - Starting ApiGatewayApplication using Java 21.0.3 with PID 22448 (C:\Users\54266\Desktop\prueba\backend-tpi-grupo7\api-gateway\target\classes started by Luz  Melanie Tito in C:\Users\54266\Desktop\prueba\backend-tpi-grupo7\api-gateway)
2025-11-13 16:40:55,217 DEBUG a.e.u.f.a.ApiGatewayApplication [main] - Running with Spring Boot v3.4.0, Spring v6.2.0
2025-11-13 16:40:55,218 INFO  a.e.u.f.a.ApiGatewayApplication [main] - No active profile set, falling back to 1 default profile: "default"
2025-11-13 16:40:56,145 INFO  o.s.cloud.context.scope.GenericScope [main] - BeanFactory id=d530977e-a50c-3ad5-b5fa-ea1ecf07e70e
2025-11-13 16:40:56,866 INFO  o.s.c.g.r.RouteDefinitionRouteLocator [main] - Loaded RoutePredicateFactory [After]
2025-11-13 16:40:56,866 INFO  o.s.c.g.r.RouteDefinitionRouteLocator [main] - Loaded RoutePredicateFactory [Before]
2025-11-13 16:40:56,866 INFO  o.s.c.g.r.RouteDefinitionRouteLocator [main] - Loaded RoutePredicateFactory [Between]
2025-11-13 16:40:56,866 INFO  o.s.c.g.r.RouteDefinitionRouteLocator [main] - Loaded RoutePredicateFactory [Cookie]
2025-11-13 16:40:56,867 INFO  o.s.c.g.r.RouteDefinitionRouteLocator [main] - Loaded RoutePredicateFactory [Header]
2025-11-13 16:40:56,867 INFO  o.s.c.g.r.RouteDefinitionRouteLocator [main] - Loaded RoutePredicateFactory [Host]
2025-11-13 16:40:56,867 INFO  o.s.c.g.r.RouteDefinitionRouteLocator [main] - Loaded RoutePredicateFactory [Method]
2025-11-13 16:40:56,867 INFO  o.s.c.g.r.RouteDefinitionRouteLocator [main] - Loaded RoutePredicateFactory [Path]
2025-11-13 16:40:56,867 INFO  o.s.c.g.r.RouteDefinitionRouteLocator [main] - Loaded RoutePredicateFactory [Query]
2025-11-13 16:40:56,868 INFO  o.s.c.g.r.RouteDefinitionRouteLocator [main] - Loaded RoutePredicateFactory [ReadBody]
2025-11-13 16:40:56,868 INFO  o.s.c.g.r.RouteDefinitionRouteLocator [main] - Loaded RoutePredicateFactory [RemoteAddr]
2025-11-13 16:40:56,869 INFO  o.s.c.g.r.RouteDefinitionRouteLocator [main] - Loaded RoutePredicateFactory [XForwardedRemoteAddr]
2025-11-13 16:40:56,869 INFO  o.s.c.g.r.RouteDefinitionRouteLocator [main] - Loaded RoutePredicateFactory [Weight]
2025-11-13 16:40:56,869 INFO  o.s.c.g.r.RouteDefinitionRouteLocator [main] - Loaded RoutePredicateFactory [CloudFoundryRouteService]
2025-11-13 16:40:57,103 INFO  o.s.b.a.e.web.EndpointLinksResolver [main] - Exposing 2 endpoints beneath base path '/actuator'
2025-11-13 16:40:57,377 INFO  o.s.b.w.e.netty.NettyWebServer [main] - Netty started on port 8080 (http)
2025-11-13 16:40:57,423 INFO  a.e.u.f.a.timer.GatewayLogJobs [scheduling-1] - Gateway heartbeat [2025-11-13T16:40:57.423156100]
2025-11-13 16:40:57,464 INFO  a.e.u.f.a.ApiGatewayApplication [main] - Started ApiGatewayApplication in 2.804 seconds (process running for 3.224)
2025-11-13 16:41:01,220 ERROR o.s.b.a.w.r.e.AbstractErrorWebExceptionHandler [reactor-http-nio-2] - [6799c028-1]  500 Server Error for HTTP GET "/gateway/logs/info/hola"
java.lang.IllegalArgumentException: Name for argument of type [java.lang.String] not specified, and parameter name information not available via reflection. Ensure that the compiler uses the '-parameters' flag.
	at org.springframework.web.reactive.result.method.annotation.AbstractNamedValueArgumentResolver.updateNamedValueInfo(AbstractNamedValueArgumentResolver.java:159)
	Suppressed: reactor.core.publisher.FluxOnAssembly$OnAssemblyException: 
Error has been observed at the following site(s):
	*__checkpoint ⇢ org.springframework.cloud.gateway.filter.WeightCalculatorWebFilter [DefaultWebFilterChain]
	*__checkpoint ⇢ HTTP GET "/gateway/logs/info/hola" [ExceptionHandlingWebHandler]
Original Stack Trace:
		at org.springframework.web.reactive.result.method.annotation.AbstractNamedValueArgumentResolver.updateNamedValueInfo(AbstractNamedValueArgumentResolver.java:159)
		at org.springframework.web.reactive.result.method.annotation.AbstractNamedValueArgumentResolver.getNamedValueInfo(AbstractNamedValueArgumentResolver.java:132)
		at org.springframework.web.reactive.result.method.annotation.AbstractNamedValueArgumentResolver.resolveArgument(AbstractNamedValueArgumentResolver.java:101)
		at org.springframework.web.reactive.result.method.annotation.AbstractNamedValueSyncArgumentResolver.resolveArgument(AbstractNamedValueSyncArgumentResolver.java:64)
		at org.springframework.web.reactive.result.method.HandlerMethodArgumentResolverComposite.resolveArgument(HandlerMethodArgumentResolverComposite.java:119)
		at org.springframework.web.reactive.result.method.InvocableHandlerMethod.getMethodArgumentValues(InvocableHandlerMethod.java:265)
		at org.springframework.web.reactive.result.method.InvocableHandlerMethod.getMethodArgumentValuesOnScheduler(InvocableHandlerMethod.java:240)
		at org.springframework.web.reactive.result.method.InvocableHandlerMethod.invoke(InvocableHandlerMethod.java:186)
		at org.springframework.web.reactive.result.method.annotation.RequestMappingHandlerAdapter.lambda$handle$1(RequestMappingHandlerAdapter.java:283)
		at reactor.core.publisher.MonoDefer.subscribe(MonoDefer.java:45)
		at reactor.core.publisher.MonoIgnoreThen$ThenIgnoreMain.subscribeNext(MonoIgnoreThen.java:241)
		at reactor.core.publisher.MonoIgnoreThen$ThenIgnoreMain.onComplete(MonoIgnoreThen.java:204)
		at reactor.core.publisher.MonoFlatMap$FlatMapMain.onComplete(MonoFlatMap.java:189)
		at reactor.core.publisher.Operators.complete(Operators.java:137)
		at reactor.core.publisher.MonoZip.subscribe(MonoZip.java:121)
		at reactor.core.publisher.Mono.subscribe(Mono.java:4576)
		at reactor.core.publisher.MonoIgnoreThen$ThenIgnoreMain.subscribeNext(MonoIgnoreThen.java:265)
		at reactor.core.publisher.MonoIgnoreThen.subscribe(MonoIgnoreThen.java:51)
		at reactor.core.publisher.InternalMonoOperator.subscribe(InternalMonoOperator.java:76)
		at reactor.core.publisher.MonoFlatMap$FlatMapMain.onNext(MonoFlatMap.java:165)
		at reactor.core.publisher.FluxOnErrorResume$ResumeSubscriber.onNext(FluxOnErrorResume.java:79)
		at reactor.core.publisher.FluxSwitchIfEmpty$SwitchIfEmptySubscriber.onNext(FluxSwitchIfEmpty.java:74)
		at reactor.core.publisher.MonoNext$NextSubscriber.onNext(MonoNext.java:82)
		at reactor.core.publisher.FluxConcatMapNoPrefetch$FluxConcatMapNoPrefetchSubscriber.innerNext(FluxConcatMapNoPrefetch.java:259)
		at reactor.core.publisher.FluxConcatMap$ConcatMapInner.onNext(FluxConcatMap.java:865)
		at reactor.core.publisher.FluxMapFuseable$MapFuseableSubscriber.onNext(FluxMapFuseable.java:129)
		at reactor.core.publisher.MonoPeekTerminal$MonoTerminalPeekSubscriber.onNext(MonoPeekTerminal.java:180)
		at reactor.core.publisher.Operators$ScalarSubscription.request(Operators.java:2571)
		at reactor.core.publisher.MonoPeekTerminal$MonoTerminalPeekSubscriber.request(MonoPeekTerminal.java:139)
		at reactor.core.publisher.FluxMapFuseable$MapFuseableSubscriber.request(FluxMapFuseable.java:171)
		at reactor.core.publisher.Operators$MultiSubscriptionSubscriber.request(Operators.java:2331)
		at reactor.core.publisher.FluxConcatMapNoPrefetch$FluxConcatMapNoPrefetchSubscriber.request(FluxConcatMapNoPrefetch.java:339)
		at reactor.core.publisher.MonoNext$NextSubscriber.request(MonoNext.java:108)
		at reactor.core.publisher.Operators$MultiSubscriptionSubscriber.set(Operators.java:2367)
		at reactor.core.publisher.Operators$MultiSubscriptionSubscriber.onSubscribe(Operators.java:2241)
		at reactor.core.publisher.MonoNext$NextSubscriber.onSubscribe(MonoNext.java:70)
		at reactor.core.publisher.FluxConcatMapNoPrefetch$FluxConcatMapNoPrefetchSubscriber.onSubscribe(FluxConcatMapNoPrefetch.java:164)
		at reactor.core.publisher.FluxIterable.subscribe(FluxIterable.java:201)
		at reactor.core.publisher.FluxIterable.subscribe(FluxIterable.java:83)
		at reactor.core.publisher.InternalMonoOperator.subscribe(InternalMonoOperator.java:76)
		at reactor.core.publisher.MonoDefer.subscribe(MonoDefer.java:53)
		at reactor.core.publisher.InternalMonoOperator.subscribe(InternalMonoOperator.java:76)
		at reactor.core.publisher.MonoDefer.subscribe(MonoDefer.java:53)
		at reactor.core.publisher.Mono.subscribe(Mono.java:4576)
		at reactor.core.publisher.MonoIgnoreThen$ThenIgnoreMain.subscribeNext(MonoIgnoreThen.java:265)
		at reactor.core.publisher.MonoIgnoreThen.subscribe(MonoIgnoreThen.java:51)
		at reactor.core.publisher.InternalMonoOperator.subscribe(InternalMonoOperator.java:76)
		at reactor.core.publisher.MonoDeferContextual.subscribe(MonoDeferContextual.java:55)
		at reactor.netty.http.server.HttpServer$HttpServerHandle.onStateChange(HttpServer.java:1211)
		at reactor.netty.ReactorNetty$CompositeConnectionObserver.onStateChange(ReactorNetty.java:716)
		at reactor.netty.transport.ServerTransport$ChildObserver.onStateChange(ServerTransport.java:486)
		at reactor.netty.http.server.HttpServerOperations.handleDefaultHttpRequest(HttpServerOperations.java:831)
		at reactor.netty.http.server.HttpServerOperations.onInboundNext(HttpServerOperations.java:776)
		at reactor.netty.channel.ChannelOperationsHandler.channelRead(ChannelOperationsHandler.java:115)
		at io.netty.channel.AbstractChannelHandlerContext.invokeChannelRead(AbstractChannelHandlerContext.java:444)
		at io.netty.channel.AbstractChannelHandlerContext.invokeChannelRead(AbstractChannelHandlerContext.java:420)
		at io.netty.channel.AbstractChannelHandlerContext.fireChannelRead(AbstractChannelHandlerContext.java:412)
		at reactor.netty.http.server.HttpTrafficHandler.channelRead(HttpTrafficHandler.java:267)
		at io.netty.channel.AbstractChannelHandlerContext.invokeChannelRead(AbstractChannelHandlerContext.java:442)
		at io.netty.channel.AbstractChannelHandlerContext.invokeChannelRead(AbstractChannelHandlerContext.java:420)
		at io.netty.channel.AbstractChannelHandlerContext.fireChannelRead(AbstractChannelHandlerContext.java:412)
		at io.netty.channel.CombinedChannelDuplexHandler$DelegatingChannelHandlerContext.fireChannelRead(CombinedChannelDuplexHandler.java:436)
		at io.netty.handler.codec.ByteToMessageDecoder.fireChannelRead(ByteToMessageDecoder.java:346)
		at io.netty.handler.codec.ByteToMessageDecoder.channelRead(ByteToMessageDecoder.java:318)
		at io.netty.channel.CombinedChannelDuplexHandler.channelRead(CombinedChannelDuplexHandler.java:251)
		at io.netty.channel.AbstractChannelHandlerContext.invokeChannelRead(AbstractChannelHandlerContext.java:442)
		at io.netty.channel.AbstractChannelHandlerContext.invokeChannelRead(AbstractChannelHandlerContext.java:420)
		at io.netty.channel.AbstractChannelHandlerContext.fireChannelRead(AbstractChannelHandlerContext.java:412)
		at io.netty.channel.DefaultChannelPipeline$HeadContext.channelRead(DefaultChannelPipeline.java:1357)
		at io.netty.channel.AbstractChannelHandlerContext.invokeChannelRead(AbstractChannelHandlerContext.java:440)
		at io.netty.channel.AbstractChannelHandlerContext.invokeChannelRead(AbstractChannelHandlerContext.java:420)
		at io.netty.channel.DefaultChannelPipeline.fireChannelRead(DefaultChannelPipeline.java:868)
		at io.netty.channel.nio.AbstractNioByteChannel$NioByteUnsafe.read(AbstractNioByteChannel.java:166)
		at io.netty.channel.nio.NioEventLoop.processSelectedKey(NioEventLoop.java:788)
		at io.netty.channel.nio.NioEventLoop.processSelectedKeysOptimized(NioEventLoop.java:724)
		at io.netty.channel.nio.NioEventLoop.processSelectedKeys(NioEventLoop.java:650)
		at io.netty.channel.nio.NioEventLoop.run(NioEventLoop.java:562)
		at io.netty.util.concurrent.SingleThreadEventExecutor$4.run(SingleThreadEventExecutor.java:997)
		at io.netty.util.internal.ThreadExecutorMap$2.run(ThreadExecutorMap.java:74)
		at io.netty.util.concurrent.FastThreadLocalRunnable.run(FastThreadLocalRunnable.java:30)
		at java.base/java.lang.Thread.run(Thread.java:1583)
2025-11-13 16:41:07,422 INFO  a.e.u.f.a.timer.GatewayLogJobs [scheduling-1] - Gateway heartbeat [2025-11-13T16:41:07.422309900]
2025-11-13 16:41:08,998 INFO  o.s.b.w.e.netty.GracefulShutdown [SpringApplicationShutdownHook] - Commencing graceful shutdown. Waiting for active requests to complete
2025-11-13 16:41:09,003 INFO  o.s.b.w.e.netty.GracefulShutdown [netty-shutdown] - Graceful shutdown complete
2025-11-13 16:42:12,536 INFO  o.h.validator.internal.util.Version [background-preinit] - HV000001: Hibernate Validator 8.0.1.Final
2025-11-13 16:42:12,611 INFO  a.e.u.f.a.ApiGatewayApplication [main] - Starting ApiGatewayApplication using Java 21.0.3 with PID 29328 (C:\Users\54266\Desktop\prueba\backend-tpi-grupo7\api-gateway\target\classes started by Luz  Melanie Tito in C:\Users\54266\Desktop\prueba\backend-tpi-grupo7\api-gateway)
2025-11-13 16:42:12,612 DEBUG a.e.u.f.a.ApiGatewayApplication [main] - Running with Spring Boot v3.4.0, Spring v6.2.0
2025-11-13 16:42:12,613 INFO  a.e.u.f.a.ApiGatewayApplication [main] - No active profile set, falling back to 1 default profile: "default"
2025-11-13 16:42:13,487 INFO  o.s.cloud.context.scope.GenericScope [main] - BeanFactory id=d530977e-a50c-3ad5-b5fa-ea1ecf07e70e
2025-11-13 16:42:14,169 INFO  o.s.c.g.r.RouteDefinitionRouteLocator [main] - Loaded RoutePredicateFactory [After]
2025-11-13 16:42:14,170 INFO  o.s.c.g.r.RouteDefinitionRouteLocator [main] - Loaded RoutePredicateFactory [Before]
2025-11-13 16:42:14,170 INFO  o.s.c.g.r.RouteDefinitionRouteLocator [main] - Loaded RoutePredicateFactory [Between]
2025-11-13 16:42:14,170 INFO  o.s.c.g.r.RouteDefinitionRouteLocator [main] - Loaded RoutePredicateFactory [Cookie]
2025-11-13 16:42:14,170 INFO  o.s.c.g.r.RouteDefinitionRouteLocator [main] - Loaded RoutePredicateFactory [Header]
2025-11-13 16:42:14,170 INFO  o.s.c.g.r.RouteDefinitionRouteLocator [main] - Loaded RoutePredicateFactory [Host]
2025-11-13 16:42:14,170 INFO  o.s.c.g.r.RouteDefinitionRouteLocator [main] - Loaded RoutePredicateFactory [Method]
2025-11-13 16:42:14,171 INFO  o.s.c.g.r.RouteDefinitionRouteLocator [main] - Loaded RoutePredicateFactory [Path]
2025-11-13 16:42:14,171 INFO  o.s.c.g.r.RouteDefinitionRouteLocator [main] - Loaded RoutePredicateFactory [Query]
2025-11-13 16:42:14,171 INFO  o.s.c.g.r.RouteDefinitionRouteLocator [main] - Loaded RoutePredicateFactory [ReadBody]
2025-11-13 16:42:14,171 INFO  o.s.c.g.r.RouteDefinitionRouteLocator [main] - Loaded RoutePredicateFactory [RemoteAddr]
2025-11-13 16:42:14,171 INFO  o.s.c.g.r.RouteDefinitionRouteLocator [main] - Loaded RoutePredicateFactory [XForwardedRemoteAddr]
2025-11-13 16:42:14,171 INFO  o.s.c.g.r.RouteDefinitionRouteLocator [main] - Loaded RoutePredicateFactory [Weight]
2025-11-13 16:42:14,171 INFO  o.s.c.g.r.RouteDefinitionRouteLocator [main] - Loaded RoutePredicateFactory [CloudFoundryRouteService]
2025-11-13 16:42:14,417 INFO  o.s.b.a.e.web.EndpointLinksResolver [main] - Exposing 2 endpoints beneath base path '/actuator'
2025-11-13 16:42:14,703 INFO  o.s.b.w.e.netty.NettyWebServer [main] - Netty started on port 8080 (http)
2025-11-13 16:42:14,741 INFO  a.e.u.f.a.timer.GatewayLogJobs [scheduling-1] - Gateway heartbeat [2025-11-13T16:42:14.741860500]
2025-11-13 16:42:14,781 INFO  a.e.u.f.a.ApiGatewayApplication [main] - Started ApiGatewayApplication in 2.636 seconds (process running for 3.005)
2025-11-13 16:42:24,377 ERROR o.s.b.a.w.r.e.AbstractErrorWebExceptionHandler [reactor-http-nio-2] - [ed3dd0ab-1]  500 Server Error for HTTP GET "/gateway/logs/info/hola"
java.lang.IllegalArgumentException: Name for argument of type [java.lang.String] not specified, and parameter name information not available via reflection. Ensure that the compiler uses the '-parameters' flag.
	at org.springframework.web.reactive.result.method.annotation.AbstractNamedValueArgumentResolver.updateNamedValueInfo(AbstractNamedValueArgumentResolver.java:159)
	Suppressed: reactor.core.publisher.FluxOnAssembly$OnAssemblyException: 
Error has been observed at the following site(s):
	*__checkpoint ⇢ org.springframework.cloud.gateway.filter.WeightCalculatorWebFilter [DefaultWebFilterChain]
	*__checkpoint ⇢ HTTP GET "/gateway/logs/info/hola" [ExceptionHandlingWebHandler]
Original Stack Trace:
		at org.springframework.web.reactive.result.method.annotation.AbstractNamedValueArgumentResolver.updateNamedValueInfo(AbstractNamedValueArgumentResolver.java:159)
		at org.springframework.web.reactive.result.method.annotation.AbstractNamedValueArgumentResolver.getNamedValueInfo(AbstractNamedValueArgumentResolver.java:132)
		at org.springframework.web.reactive.result.method.annotation.AbstractNamedValueArgumentResolver.resolveArgument(AbstractNamedValueArgumentResolver.java:101)
		at org.springframework.web.reactive.result.method.annotation.AbstractNamedValueSyncArgumentResolver.resolveArgument(AbstractNamedValueSyncArgumentResolver.java:64)
		at org.springframework.web.reactive.result.method.HandlerMethodArgumentResolverComposite.resolveArgument(HandlerMethodArgumentResolverComposite.java:119)
		at org.springframework.web.reactive.result.method.InvocableHandlerMethod.getMethodArgumentValues(InvocableHandlerMethod.java:265)
		at org.springframework.web.reactive.result.method.InvocableHandlerMethod.getMethodArgumentValuesOnScheduler(InvocableHandlerMethod.java:240)
		at org.springframework.web.reactive.result.method.InvocableHandlerMethod.invoke(InvocableHandlerMethod.java:186)
		at org.springframework.web.reactive.result.method.annotation.RequestMappingHandlerAdapter.lambda$handle$1(RequestMappingHandlerAdapter.java:283)
		at reactor.core.publisher.MonoDefer.subscribe(MonoDefer.java:45)
		at reactor.core.publisher.MonoIgnoreThen$ThenIgnoreMain.subscribeNext(MonoIgnoreThen.java:241)
		at reactor.core.publisher.MonoIgnoreThen$ThenIgnoreMain.onComplete(MonoIgnoreThen.java:204)
		at reactor.core.publisher.MonoFlatMap$FlatMapMain.onComplete(MonoFlatMap.java:189)
		at reactor.core.publisher.Operators.complete(Operators.java:137)
		at reactor.core.publisher.MonoZip.subscribe(MonoZip.java:121)
		at reactor.core.publisher.Mono.subscribe(Mono.java:4576)
		at reactor.core.publisher.MonoIgnoreThen$ThenIgnoreMain.subscribeNext(MonoIgnoreThen.java:265)
		at reactor.core.publisher.MonoIgnoreThen.subscribe(MonoIgnoreThen.java:51)
		at reactor.core.publisher.InternalMonoOperator.subscribe(InternalMonoOperator.java:76)
		at reactor.core.publisher.MonoFlatMap$FlatMapMain.onNext(MonoFlatMap.java:165)
		at reactor.core.publisher.FluxOnErrorResume$ResumeSubscriber.onNext(FluxOnErrorResume.java:79)
		at reactor.core.publisher.FluxSwitchIfEmpty$SwitchIfEmptySubscriber.onNext(FluxSwitchIfEmpty.java:74)
		at reactor.core.publisher.MonoNext$NextSubscriber.onNext(MonoNext.java:82)
		at reactor.core.publisher.FluxConcatMapNoPrefetch$FluxConcatMapNoPrefetchSubscriber.innerNext(FluxConcatMapNoPrefetch.java:259)
		at reactor.core.publisher.FluxConcatMap$ConcatMapInner.onNext(FluxConcatMap.java:865)
		at reactor.core.publisher.FluxMapFuseable$MapFuseableSubscriber.onNext(FluxMapFuseable.java:129)
		at reactor.core.publisher.MonoPeekTerminal$MonoTerminalPeekSubscriber.onNext(MonoPeekTerminal.java:180)
		at reactor.core.publisher.Operators$ScalarSubscription.request(Operators.java:2571)
		at reactor.core.publisher.MonoPeekTerminal$MonoTerminalPeekSubscriber.request(MonoPeekTerminal.java:139)
		at reactor.core.publisher.FluxMapFuseable$MapFuseableSubscriber.request(FluxMapFuseable.java:171)
		at reactor.core.publisher.Operators$MultiSubscriptionSubscriber.request(Operators.java:2331)
		at reactor.core.publisher.FluxConcatMapNoPrefetch$FluxConcatMapNoPrefetchSubscriber.request(FluxConcatMapNoPrefetch.java:339)
		at reactor.core.publisher.MonoNext$NextSubscriber.request(MonoNext.java:108)
		at reactor.core.publisher.Operators$MultiSubscriptionSubscriber.set(Operators.java:2367)
		at reactor.core.publisher.Operators$MultiSubscriptionSubscriber.onSubscribe(Operators.java:2241)
		at reactor.core.publisher.MonoNext$NextSubscriber.onSubscribe(MonoNext.java:70)
		at reactor.core.publisher.FluxConcatMapNoPrefetch$FluxConcatMapNoPrefetchSubscriber.onSubscribe(FluxConcatMapNoPrefetch.java:164)
		at reactor.core.publisher.FluxIterable.subscribe(FluxIterable.java:201)
		at reactor.core.publisher.FluxIterable.subscribe(FluxIterable.java:83)
		at reactor.core.publisher.InternalMonoOperator.subscribe(InternalMonoOperator.java:76)
		at reactor.core.publisher.MonoDefer.subscribe(MonoDefer.java:53)
		at reactor.core.publisher.InternalMonoOperator.subscribe(InternalMonoOperator.java:76)
		at reactor.core.publisher.MonoDefer.subscribe(MonoDefer.java:53)
		at reactor.core.publisher.Mono.subscribe(Mono.java:4576)
		at reactor.core.publisher.MonoIgnoreThen$ThenIgnoreMain.subscribeNext(MonoIgnoreThen.java:265)
		at reactor.core.publisher.MonoIgnoreThen.subscribe(MonoIgnoreThen.java:51)
		at reactor.core.publisher.InternalMonoOperator.subscribe(InternalMonoOperator.java:76)
		at reactor.core.publisher.MonoDeferContextual.subscribe(MonoDeferContextual.java:55)
		at reactor.netty.http.server.HttpServer$HttpServerHandle.onStateChange(HttpServer.java:1211)
		at reactor.netty.ReactorNetty$CompositeConnectionObserver.onStateChange(ReactorNetty.java:716)
		at reactor.netty.transport.ServerTransport$ChildObserver.onStateChange(ServerTransport.java:486)
		at reactor.netty.http.server.HttpServerOperations.handleDefaultHttpRequest(HttpServerOperations.java:831)
		at reactor.netty.http.server.HttpServerOperations.onInboundNext(HttpServerOperations.java:776)
		at reactor.netty.channel.ChannelOperationsHandler.channelRead(ChannelOperationsHandler.java:115)
		at io.netty.channel.AbstractChannelHandlerContext.invokeChannelRead(AbstractChannelHandlerContext.java:444)
		at io.netty.channel.AbstractChannelHandlerContext.invokeChannelRead(AbstractChannelHandlerContext.java:420)
		at io.netty.channel.AbstractChannelHandlerContext.fireChannelRead(AbstractChannelHandlerContext.java:412)
		at reactor.netty.http.server.HttpTrafficHandler.channelRead(HttpTrafficHandler.java:267)
		at io.netty.channel.AbstractChannelHandlerContext.invokeChannelRead(AbstractChannelHandlerContext.java:442)
		at io.netty.channel.AbstractChannelHandlerContext.invokeChannelRead(AbstractChannelHandlerContext.java:420)
		at io.netty.channel.AbstractChannelHandlerContext.fireChannelRead(AbstractChannelHandlerContext.java:412)
		at io.netty.channel.CombinedChannelDuplexHandler$DelegatingChannelHandlerContext.fireChannelRead(CombinedChannelDuplexHandler.java:436)
		at io.netty.handler.codec.ByteToMessageDecoder.fireChannelRead(ByteToMessageDecoder.java:346)
		at io.netty.handler.codec.ByteToMessageDecoder.channelRead(ByteToMessageDecoder.java:318)
		at io.netty.channel.CombinedChannelDuplexHandler.channelRead(CombinedChannelDuplexHandler.java:251)
		at io.netty.channel.AbstractChannelHandlerContext.invokeChannelRead(AbstractChannelHandlerContext.java:442)
		at io.netty.channel.AbstractChannelHandlerContext.invokeChannelRead(AbstractChannelHandlerContext.java:420)
		at io.netty.channel.AbstractChannelHandlerContext.fireChannelRead(AbstractChannelHandlerContext.java:412)
		at io.netty.channel.DefaultChannelPipeline$HeadContext.channelRead(DefaultChannelPipeline.java:1357)
		at io.netty.channel.AbstractChannelHandlerContext.invokeChannelRead(AbstractChannelHandlerContext.java:440)
		at io.netty.channel.AbstractChannelHandlerContext.invokeChannelRead(AbstractChannelHandlerContext.java:420)
		at io.netty.channel.DefaultChannelPipeline.fireChannelRead(DefaultChannelPipeline.java:868)
		at io.netty.channel.nio.AbstractNioByteChannel$NioByteUnsafe.read(AbstractNioByteChannel.java:166)
		at io.netty.channel.nio.NioEventLoop.processSelectedKey(NioEventLoop.java:788)
		at io.netty.channel.nio.NioEventLoop.processSelectedKeysOptimized(NioEventLoop.java:724)
		at io.netty.channel.nio.NioEventLoop.processSelectedKeys(NioEventLoop.java:650)
		at io.netty.channel.nio.NioEventLoop.run(NioEventLoop.java:562)
		at io.netty.util.concurrent.SingleThreadEventExecutor$4.run(SingleThreadEventExecutor.java:997)
		at io.netty.util.internal.ThreadExecutorMap$2.run(ThreadExecutorMap.java:74)
		at io.netty.util.concurrent.FastThreadLocalRunnable.run(FastThreadLocalRunnable.java:30)
		at java.base/java.lang.Thread.run(Thread.java:1583)
2025-11-13 16:42:24,729 INFO  a.e.u.f.a.timer.GatewayLogJobs [scheduling-1] - Gateway heartbeat [2025-11-13T16:42:24.729736600]
2025-11-13 16:42:34,733 INFO  a.e.u.f.a.timer.GatewayLogJobs [scheduling-1] - Gateway heartbeat [2025-11-13T16:42:34.733936200]
2025-11-13 16:42:42,515 INFO  o.s.b.w.e.netty.GracefulShutdown [SpringApplicationShutdownHook] - Commencing graceful shutdown. Waiting for active requests to complete
2025-11-13 16:42:42,519 INFO  o.s.b.w.e.netty.GracefulShutdown [netty-shutdown] - Graceful shutdown complete
2025-11-13 16:45:26,093 INFO  o.h.validator.internal.util.Version [background-preinit] - HV000001: Hibernate Validator 8.0.1.Final
2025-11-13 16:45:26,525 INFO  a.e.u.f.a.ApiGatewayApplication [main] - Starting ApiGatewayApplication using Java 21.0.3 with PID 32600 (C:\Users\54266\Desktop\prueba\backend-tpi-grupo7\api-gateway\target\classes started by Luz  Melanie Tito in C:\Users\54266\Desktop\prueba\backend-tpi-grupo7\api-gateway)
2025-11-13 16:45:26,531 DEBUG a.e.u.f.a.ApiGatewayApplication [main] - Running with Spring Boot v3.4.0, Spring v6.2.0
2025-11-13 16:45:26,538 INFO  a.e.u.f.a.ApiGatewayApplication [main] - No active profile set, falling back to 1 default profile: "default"
2025-11-13 16:45:30,167 INFO  o.s.cloud.context.scope.GenericScope [main] - BeanFactory id=d530977e-a50c-3ad5-b5fa-ea1ecf07e70e
2025-11-13 16:45:30,844 INFO  o.s.c.g.r.RouteDefinitionRouteLocator [main] - Loaded RoutePredicateFactory [After]
2025-11-13 16:45:30,844 INFO  o.s.c.g.r.RouteDefinitionRouteLocator [main] - Loaded RoutePredicateFactory [Before]
2025-11-13 16:45:30,844 INFO  o.s.c.g.r.RouteDefinitionRouteLocator [main] - Loaded RoutePredicateFactory [Between]
2025-11-13 16:45:30,845 INFO  o.s.c.g.r.RouteDefinitionRouteLocator [main] - Loaded RoutePredicateFactory [Cookie]
2025-11-13 16:45:30,845 INFO  o.s.c.g.r.RouteDefinitionRouteLocator [main] - Loaded RoutePredicateFactory [Header]
2025-11-13 16:45:30,845 INFO  o.s.c.g.r.RouteDefinitionRouteLocator [main] - Loaded RoutePredicateFactory [Host]
2025-11-13 16:45:30,845 INFO  o.s.c.g.r.RouteDefinitionRouteLocator [main] - Loaded RoutePredicateFactory [Method]
2025-11-13 16:45:30,846 INFO  o.s.c.g.r.RouteDefinitionRouteLocator [main] - Loaded RoutePredicateFactory [Path]
2025-11-13 16:45:30,846 INFO  o.s.c.g.r.RouteDefinitionRouteLocator [main] - Loaded RoutePredicateFactory [Query]
2025-11-13 16:45:30,846 INFO  o.s.c.g.r.RouteDefinitionRouteLocator [main] - Loaded RoutePredicateFactory [ReadBody]
2025-11-13 16:45:30,846 INFO  o.s.c.g.r.RouteDefinitionRouteLocator [main] - Loaded RoutePredicateFactory [RemoteAddr]
2025-11-13 16:45:30,846 INFO  o.s.c.g.r.RouteDefinitionRouteLocator [main] - Loaded RoutePredicateFactory [XForwardedRemoteAddr]
2025-11-13 16:45:30,846 INFO  o.s.c.g.r.RouteDefinitionRouteLocator [main] - Loaded RoutePredicateFactory [Weight]
2025-11-13 16:45:30,847 INFO  o.s.c.g.r.RouteDefinitionRouteLocator [main] - Loaded RoutePredicateFactory [CloudFoundryRouteService]
2025-11-13 16:45:31,081 INFO  o.s.b.a.e.web.EndpointLinksResolver [main] - Exposing 2 endpoints beneath base path '/actuator'
2025-11-13 16:45:31,337 INFO  o.s.b.w.e.netty.NettyWebServer [main] - Netty started on port 8080 (http)
2025-11-13 16:45:31,371 INFO  a.e.u.f.a.timer.GatewayLogJobs [scheduling-1] - Gateway heartbeat [2025-11-13T16:45:31.371965900]
2025-11-13 16:45:31,406 INFO  a.e.u.f.a.ApiGatewayApplication [main] - Started ApiGatewayApplication in 6.959 seconds (process running for 7.379)
2025-11-13 16:45:41,248 INFO  a.e.u.f.a.c.GatewayLogController [reactor-http-nio-2] - Log INFO desde API Gateway: hola
2025-11-13 16:45:41,372 INFO  a.e.u.f.a.timer.GatewayLogJobs [scheduling-1] - Gateway heartbeat [2025-11-13T16:45:41.372012]
2025-11-13 16:45:51,046 WARN  a.e.u.f.a.c.GatewayLogController [reactor-http-nio-2] - Log WARN desde API Gateway: hol
2025-11-13 16:45:51,357 INFO  a.e.u.f.a.timer.GatewayLogJobs [scheduling-1] - Gateway heartbeat [2025-11-13T16:45:51.357008900]
2025-11-13 16:45:58,124 ERROR a.e.u.f.a.c.GatewayLogController [reactor-http-nio-2] - Log ERROR desde API Gateway: hola
2025-11-13 16:46:01,368 INFO  a.e.u.f.a.timer.GatewayLogJobs [scheduling-1] - Gateway heartbeat [2025-11-13T16:46:01.368913300]
2025-11-13 16:46:03,848 INFO  o.s.b.w.e.netty.GracefulShutdown [SpringApplicationShutdownHook] - Commencing graceful shutdown. Waiting for active requests to complete
2025-11-13 16:46:03,851 INFO  o.s.b.w.e.netty.GracefulShutdown [netty-shutdown] - Graceful shutdown complete
